This is pdfTeX, Version 3.1415926-2.3-1.40.12 (TeX Live 2011) (format=pdflatex 2012.3.19)  28 FEB 2014 08:35
entering extended mode
 restricted \write18 enabled.
 %&-line parsing enabled.
**Untitled.tex
(./Untitled.tex
LaTeX2e <2009/09/24>
Babel <v3.8l> and hyphenation patterns for english, dumylang, nohyphenation, ge
rman-x-2009-06-19, ngerman-x-2009-06-19, afrikaans, ancientgreek, ibycus, arabi
c, armenian, basque, bulgarian, catalan, pinyin, coptic, croatian, czech, danis
h, dutch, ukenglish, usenglishmax, esperanto, estonian, ethiopic, farsi, finnis
h, french, galician, german, ngerman, swissgerman, monogreek, greek, hungarian,
 icelandic, assamese, bengali, gujarati, hindi, kannada, malayalam, marathi, or
iya, panjabi, tamil, telugu, indonesian, interlingua, irish, italian, kurmanji,
 lao, latin, latvian, lithuanian, mongolian, mongolianlmc, bokmal, nynorsk, pol
ish, portuguese, romanian, russian, sanskrit, serbian, serbianc, slovak, sloven
ian, spanish, swedish, turkish, turkmen, ukrainian, uppersorbian, welsh, loaded
.
(/usr/local/texlive/2011/texmf-dist/tex/latex/base/article.cls
Document Class: article 2007/10/19 v1.4h Standard LaTeX document class
(/usr/local/texlive/2011/texmf-dist/tex/latex/base/size10.clo
File: size10.clo 2007/10/19 v1.4h Standard LaTeX file (size option)
)
\c@part=\count79
\c@section=\count80
\c@subsection=\count81
\c@subsubsection=\count82
\c@paragraph=\count83
\c@subparagraph=\count84
\c@figure=\count85
\c@table=\count86
\abovecaptionskip=\skip41
\belowcaptionskip=\skip42
\bibindent=\dimen102
)
(/usr/local/texlive/2011/texmf-dist/tex/latex/graphics/graphicx.sty
Package: graphicx 1999/02/16 v1.0f Enhanced LaTeX Graphics (DPC,SPQR)

(/usr/local/texlive/2011/texmf-dist/tex/latex/graphics/keyval.sty
Package: keyval 1999/03/16 v1.13 key=value parser (DPC)
\KV@toks@=\toks14
)
(/usr/local/texlive/2011/texmf-dist/tex/latex/graphics/graphics.sty
Package: graphics 2009/02/05 v1.0o Standard LaTeX Graphics (DPC,SPQR)

(/usr/local/texlive/2011/texmf-dist/tex/latex/graphics/trig.sty
Package: trig 1999/03/16 v1.09 sin cos tan (DPC)
)
(/usr/local/texlive/2011/texmf-dist/tex/latex/latexconfig/graphics.cfg
File: graphics.cfg 2010/04/23 v1.9 graphics configuration of TeX Live
)
Package graphics Info: Driver file: pdftex.def on input line 91.

(/usr/local/texlive/2011/texmf-dist/tex/latex/pdftex-def/pdftex.def
File: pdftex.def 2011/05/27 v0.06d Graphics/color for pdfTeX

(/usr/local/texlive/2011/texmf-dist/tex/generic/oberdiek/infwarerr.sty
Package: infwarerr 2010/04/08 v1.3 Providing info/warning/message (HO)
)
(/usr/local/texlive/2011/texmf-dist/tex/generic/oberdiek/ltxcmds.sty
Package: ltxcmds 2011/04/18 v1.20 LaTeX kernel commands for general use (HO)
)
\Gread@gobject=\count87
))
\Gin@req@height=\dimen103
\Gin@req@width=\dimen104
)
(/usr/local/texlive/2011/texmf-dist/tex/latex/tools/array.sty
Package: array 2008/09/09 v2.4c Tabular extension package (FMi)
\col@sep=\dimen105
\extrarowheight=\dimen106
\NC@list=\toks15
\extratabsurround=\skip43
\backup@length=\skip44
)
(/usr/local/texlive/2011/texmf-dist/tex/latex/xcolor/xcolor.sty
Package: xcolor 2007/01/21 v2.11 LaTeX color extensions (UK)

(/usr/local/texlive/2011/texmf-dist/tex/latex/latexconfig/color.cfg
File: color.cfg 2007/01/18 v1.5 color configuration of teTeX/TeXLive
)
Package xcolor Info: Driver file: pdftex.def on input line 225.

(/usr/local/texlive/2011/texmf-dist/tex/latex/colortbl/colortbl.sty
Package: colortbl 2001/02/13 v0.1j Color table columns (DPC)
\everycr=\toks16
\minrowclearance=\skip45
)
\rownum=\count88
Package xcolor Info: Model `cmy' substituted by `cmy0' on input line 1337.
Package xcolor Info: Model `hsb' substituted by `rgb' on input line 1341.
Package xcolor Info: Model `RGB' extended on input line 1353.
Package xcolor Info: Model `HTML' substituted by `rgb' on input line 1355.
Package xcolor Info: Model `Hsb' substituted by `hsb' on input line 1356.
Package xcolor Info: Model `tHsb' substituted by `hsb' on input line 1357.
Package xcolor Info: Model `HSB' substituted by `hsb' on input line 1358.
Package xcolor Info: Model `Gray' substituted by `gray' on input line 1359.
Package xcolor Info: Model `wave' substituted by `hsb' on input line 1360.
)
(./Untitled.aux)
\openout1 = `Untitled.aux'.

LaTeX Font Info:    Checking defaults for OML/cmm/m/it on input line 10.
LaTeX Font Info:    ... okay on input line 10.
LaTeX Font Info:    Checking defaults for T1/cmr/m/n on input line 10.
LaTeX Font Info:    ... okay on input line 10.
LaTeX Font Info:    Checking defaults for OT1/cmr/m/n on input line 10.
LaTeX Font Info:    ... okay on input line 10.
LaTeX Font Info:    Checking defaults for OMS/cmsy/m/n on input line 10.
LaTeX Font Info:    ... okay on input line 10.
LaTeX Font Info:    Checking defaults for OMX/cmex/m/n on input line 10.
LaTeX Font Info:    ... okay on input line 10.
LaTeX Font Info:    Checking defaults for U/cmr/m/n on input line 10.
LaTeX Font Info:    ... okay on input line 10.

(/usr/local/texlive/2011/texmf-dist/tex/context/base/supp-pdf.mkii
[Loading MPS to PDF converter (version 2006.09.02).]
\scratchcounter=\count89
\scratchdimen=\dimen107
\scratchbox=\box26
\nofMPsegments=\count90
\nofMParguments=\count91
\everyMPshowfont=\toks17
\MPscratchCnt=\count92
\MPscratchDim=\dimen108
\MPnumerator=\count93
\makeMPintoPDFobject=\count94
\everyMPtoPDFconversion=\toks18
) (/usr/local/texlive/2011/texmf-dist/tex/generic/oberdiek/pdftexcmds.sty
Package: pdftexcmds 2011/04/22 v0.16 Utilities of pdfTeX for LuaTeX (HO)

(/usr/local/texlive/2011/texmf-dist/tex/generic/oberdiek/ifluatex.sty
Package: ifluatex 2010/03/01 v1.3 Provides the ifluatex switch (HO)
Package ifluatex Info: LuaTeX not detected.
)
(/usr/local/texlive/2011/texmf-dist/tex/generic/oberdiek/ifpdf.sty
Package: ifpdf 2011/01/30 v2.3 Provides the ifpdf switch (HO)
Package ifpdf Info: pdfTeX in PDF mode is detected.
)
Package pdftexcmds Info: LuaTeX not detected.
Package pdftexcmds Info: \pdf@primitive is available.
Package pdftexcmds Info: \pdf@ifprimitive is available.
Package pdftexcmds Info: \pdfdraftmode found.
)
(/usr/local/texlive/2011/texmf-dist/tex/latex/oberdiek/epstopdf-base.sty
Package: epstopdf-base 2010/02/09 v2.5 Base part for package epstopdf

(/usr/local/texlive/2011/texmf-dist/tex/latex/oberdiek/grfext.sty
Package: grfext 2010/08/19 v1.1 Managing graphics extensions (HO)

(/usr/local/texlive/2011/texmf-dist/tex/generic/oberdiek/kvdefinekeys.sty
Package: kvdefinekeys 2011/04/07 v1.3 Defining keys (HO)
))
(/usr/local/texlive/2011/texmf-dist/tex/latex/oberdiek/kvoptions.sty
Package: kvoptions 2010/12/23 v3.10 Keyval support for LaTeX options (HO)

(/usr/local/texlive/2011/texmf-dist/tex/generic/oberdiek/kvsetkeys.sty
Package: kvsetkeys 2011/04/07 v1.13 Key value parser (HO)

(/usr/local/texlive/2011/texmf-dist/tex/generic/oberdiek/etexcmds.sty
Package: etexcmds 2011/02/16 v1.5 Prefix for e-TeX command names (HO)
Package etexcmds Info: Could not find \expanded.
(etexcmds)             That can mean that you are not using pdfTeX 1.50 or
(etexcmds)             that some package has redefined \expanded.
(etexcmds)             In the latter case, load this package earlier.
)))
Package grfext Info: Graphics extension search list:
(grfext)             [.png,.pdf,.jpg,.mps,.jpeg,.jbig2,.jb2,.PNG,.PDF,.JPG,.JPE
G,.JBIG2,.JB2,.eps]
(grfext)             \AppendGraphicsExtensions on input line 452.

(/usr/local/texlive/2011/texmf-dist/tex/latex/latexconfig/epstopdf-sys.cfg
File: epstopdf-sys.cfg 2010/07/13 v1.3 Configuration of (r)epstopdf for TeX Liv
e
))
LaTeX Font Info:    External font `cmex10' loaded for size
(Font)              <7> on input line 22.
LaTeX Font Info:    External font `cmex10' loaded for size
(Font)              <5> on input line 22.

Underfull \hbox (badness 10000) in paragraph at lines 30--30
[]|\OT1/cmr/m/n/10 Mathematical
 []


Underfull \hbox (badness 10000) in paragraph at lines 30--30
[]|\OT1/cmr/m/n/10 Fabrication
 []


Overfull \hbox (7.65846pt too wide) in paragraph at lines 30--30
[]|\OT1/cmr/m/n/10 Citation| 
 []

<cilia.png, id=1, 492.84125pt x 201.75375pt>
File: cilia.png Graphic file (type png)
 <use cilia.png>
Package pdftex.def Info: cilia.png used on input line 32.
(pdftex.def)             Requested size: 103.49971pt x 56.90625pt.
LaTeX Font Info:    Try loading font information for OMS+cmr on input line 36.

(/usr/local/texlive/2011/texmf-dist/tex/latex/base/omscmr.fd
File: omscmr.fd 1999/05/25 v2.5h Standard LaTeX font definitions
)
LaTeX Font Info:    Font shape `OMS/cmr/m/n' in size <10> not available
(Font)              Font shape `OMS/cmsy/m/n' tried instead on input line 36.

Underfull \hbox (badness 10000) in paragraph at lines 38--39
[]\OT1/cmr/m/n/10 Fulfil stu-
 []


Underfull \hbox (badness 10000) in paragraph at lines 38--39
\OT1/cmr/m/n/10 dents needs
 []


Underfull \hbox (badness 10000) in paragraph at lines 46--47
[]\OT1/cmr/m/n/10 Fulfil stu-
 []


Underfull \hbox (badness 10000) in paragraph at lines 46--47
\OT1/cmr/m/n/10 dents needs
 []


Underfull \hbox (badness 10000) in paragraph at lines 53--54
[]\OT1/cmr/m/n/10 Fulfil stu-
 []


Underfull \hbox (badness 10000) in paragraph at lines 53--54
\OT1/cmr/m/n/10 dents needs
 []

File: cilia.png Graphic file (type png)
<use cilia.png>
Package pdftex.def Info: cilia.png used on input line 57.
(pdftex.def)             Requested size: 103.49971pt x 56.90625pt.

Underfull \hbox (badness 10000) in paragraph at lines 63--64
[]\OT1/cmr/m/n/10 Fulfil stu-
 []


Underfull \hbox (badness 10000) in paragraph at lines 63--64
\OT1/cmr/m/n/10 dents needs
 []


Underfull \hbox (badness 10000) in paragraph at lines 71--72
[]\OT1/cmr/m/n/10 Fulfil stu-
 []


Underfull \hbox (badness 10000) in paragraph at lines 71--72
\OT1/cmr/m/n/10 dents needs
 []

File: cilia.png Graphic file (type png)
<use cilia.png>
Package pdftex.def Info: cilia.png used on input line 83.
(pdftex.def)             Requested size: 103.49971pt x 56.90625pt.

Underfull \hbox (badness 10000) in paragraph at lines 89--90
[]\OT1/cmr/m/n/10 Fulfil stu-
 []


Underfull \hbox (badness 10000) in paragraph at lines 89--90
\OT1/cmr/m/n/10 dents needs
 []


Underfull \hbox (badness 10000) in paragraph at lines 97--98
[]\OT1/cmr/m/n/10 Fulfil stu-
 []


Underfull \hbox (badness 10000) in paragraph at lines 97--98
\OT1/cmr/m/n/10 dents needs
 []


Underfull \hbox (badness 10000) in paragraph at lines 104--105
[]\OT1/cmr/m/n/10 Fulfil stu-
 []


Underfull \hbox (badness 10000) in paragraph at lines 104--105
\OT1/cmr/m/n/10 dents needs
 []

File: cilia.png Graphic file (type png)
<use cilia.png>
Package pdftex.def Info: cilia.png used on input line 109.
(pdftex.def)             Requested size: 103.49971pt x 56.90625pt.

Underfull \hbox (badness 10000) in paragraph at lines 115--116
[]\OT1/cmr/m/n/10 Fulfil stu-
 []


Underfull \hbox (badness 10000) in paragraph at lines 115--116
\OT1/cmr/m/n/10 dents needs
 []


Underfull \hbox (badness 10000) in paragraph at lines 123--124
[]\OT1/cmr/m/n/10 Fulfil stu-
 []


Underfull \hbox (badness 10000) in paragraph at lines 123--124
\OT1/cmr/m/n/10 dents needs
 []


Underfull \hbox (badness 10000) in paragraph at lines 130--131
[]\OT1/cmr/m/n/10 Fulfil stu-
 []


Underfull \hbox (badness 10000) in paragraph at lines 130--131
\OT1/cmr/m/n/10 dents needs
 []

File: cilia.png Graphic file (type png)
<use cilia.png>
Package pdftex.def Info: cilia.png used on input line 135.
(pdftex.def)             Requested size: 103.49971pt x 56.90625pt.

Underfull \hbox (badness 10000) in paragraph at lines 141--142
[]\OT1/cmr/m/n/10 Fulfil stu-
 []


Underfull \hbox (badness 10000) in paragraph at lines 141--142
\OT1/cmr/m/n/10 dents needs
 []


Underfull \hbox (badness 10000) in paragraph at lines 149--150
[]\OT1/cmr/m/n/10 Fulfil stu-
 []


Underfull \hbox (badness 10000) in paragraph at lines 149--150
\OT1/cmr/m/n/10 dents needs
 []


Underfull \hbox (badness 10000) in paragraph at lines 156--157
[]\OT1/cmr/m/n/10 Fulfil stu-
 []


Underfull \hbox (badness 10000) in paragraph at lines 156--157
\OT1/cmr/m/n/10 dents needs
 []


Overfull \hbox (99.85725pt too wide) in paragraph at lines 22--162
 [][] 
 []


LaTeX Warning: Float too large for page by 39.66443pt on input line 164.

[1{/usr/local/texlive/2011/texmf-var/fonts/map/pdftex/updmap/pdftex.map} <./cil
ia.png>] (./Untitled.aux) ) 
Here is how much of TeX's memory you used:
 2020 strings out of 493633
 27592 string characters out of 3143377
 96119 words of memory out of 3000000
 5322 multiletter control sequences out of 15000+200000
 3948 words of font info for 15 fonts, out of 3000000 for 9000
 831 hyphenation exceptions out of 8191
 41i,15n,35p,265b,381s stack positions out of 5000i,500n,10000p,200000b,50000s
</usr/local/texlive/2011/texmf-dist/fonts/type1/publ
ic/amsfonts/cm/cmbx10.pfb></usr/local/texlive/2011/texmf-dist/fonts/type1/publi
c/amsfonts/cm/cmr10.pfb></usr/local/texlive/2011/texmf-dist/fonts/type1/public/
amsfonts/cm/cmsy10.pfb>
Output written on Untitled.pdf (1 page, 73508 bytes).
PDF statistics:
 21 PDF objects out of 1000 (max. 8388607)
 13 compressed objects within 1 object stream
 0 named destinations out of 1000 (max. 500000)
 6 words of extra memory for PDF output out of 10000 (max. 10000000)

