This is pdfTeX, Version 3.1415926-2.3-1.40.12 (TeX Live 2011) (format=pdflatex 2012.3.19)  28 FEB 2014 16:10
entering extended mode
 restricted \write18 enabled.
 %&-line parsing enabled.
**MRes_IRP.tex
(./MRes_IRP.tex
LaTeX2e <2009/09/24>
Babel <v3.8l> and hyphenation patterns for english, dumylang, nohyphenation, ge
rman-x-2009-06-19, ngerman-x-2009-06-19, afrikaans, ancientgreek, ibycus, arabi
c, armenian, basque, bulgarian, catalan, pinyin, coptic, croatian, czech, danis
h, dutch, ukenglish, usenglishmax, esperanto, estonian, ethiopic, farsi, finnis
h, french, galician, german, ngerman, swissgerman, monogreek, greek, hungarian,
 icelandic, assamese, bengali, gujarati, hindi, kannada, malayalam, marathi, or
iya, panjabi, tamil, telugu, indonesian, interlingua, irish, italian, kurmanji,
 lao, latin, latvian, lithuanian, mongolian, mongolianlmc, bokmal, nynorsk, pol
ish, portuguese, romanian, russian, sanskrit, serbian, serbianc, slovak, sloven
ian, spanish, swedish, turkish, turkmen, ukrainian, uppersorbian, welsh, loaded
.
(/usr/local/texlive/2011/texmf-dist/tex/latex/base/article.cls
Document Class: article 2007/10/19 v1.4h Standard LaTeX document class
(/usr/local/texlive/2011/texmf-dist/tex/latex/base/size11.clo
File: size11.clo 2007/10/19 v1.4h Standard LaTeX file (size option)
)
\c@part=\count79
\c@section=\count80
\c@subsection=\count81
\c@subsubsection=\count82
\c@paragraph=\count83
\c@subparagraph=\count84
\c@figure=\count85
\c@table=\count86
\abovecaptionskip=\skip41
\belowcaptionskip=\skip42
\bibindent=\dimen102
)
(/usr/local/texlive/2011/texmf-dist/tex/latex/geometry/geometry.sty
Package: geometry 2010/09/12 v5.6 Page Geometry

(/usr/local/texlive/2011/texmf-dist/tex/latex/graphics/keyval.sty
Package: keyval 1999/03/16 v1.13 key=value parser (DPC)
\KV@toks@=\toks14
)
(/usr/local/texlive/2011/texmf-dist/tex/generic/oberdiek/ifpdf.sty
Package: ifpdf 2011/01/30 v2.3 Provides the ifpdf switch (HO)
Package ifpdf Info: pdfTeX in PDF mode is detected.
)
(/usr/local/texlive/2011/texmf-dist/tex/generic/oberdiek/ifvtex.sty
Package: ifvtex 2010/03/01 v1.5 Switches for detecting VTeX and its modes (HO)
Package ifvtex Info: VTeX not detected.
)
(/usr/local/texlive/2011/texmf-dist/tex/generic/ifxetex/ifxetex.sty
Package: ifxetex 2010/09/12 v0.6 Provides ifxetex conditional
)
\Gm@cnth=\count87
\Gm@cntv=\count88
\c@Gm@tempcnt=\count89
\Gm@bindingoffset=\dimen103
\Gm@wd@mp=\dimen104
\Gm@odd@mp=\dimen105
\Gm@even@mp=\dimen106
\Gm@layoutwidth=\dimen107
\Gm@layoutheight=\dimen108
\Gm@layouthoffset=\dimen109
\Gm@layoutvoffset=\dimen110
\Gm@dimlist=\toks15
)
(/usr/local/texlive/2011/texmf-dist/tex/latex/natbib/natbib.sty
Package: natbib 2010/09/13 8.31b (PWD, AO)
\bibhang=\skip43
\bibsep=\skip44
LaTeX Info: Redefining \cite on input line 694.
\c@NAT@ctr=\count90
)
(/usr/local/texlive/2011/texmf-dist/tex/latex/graphics/graphicx.sty
Package: graphicx 1999/02/16 v1.0f Enhanced LaTeX Graphics (DPC,SPQR)

(/usr/local/texlive/2011/texmf-dist/tex/latex/graphics/graphics.sty
Package: graphics 2009/02/05 v1.0o Standard LaTeX Graphics (DPC,SPQR)

(/usr/local/texlive/2011/texmf-dist/tex/latex/graphics/trig.sty
Package: trig 1999/03/16 v1.09 sin cos tan (DPC)
)
(/usr/local/texlive/2011/texmf-dist/tex/latex/latexconfig/graphics.cfg
File: graphics.cfg 2010/04/23 v1.9 graphics configuration of TeX Live
)
Package graphics Info: Driver file: pdftex.def on input line 91.

(/usr/local/texlive/2011/texmf-dist/tex/latex/pdftex-def/pdftex.def
File: pdftex.def 2011/05/27 v0.06d Graphics/color for pdfTeX

(/usr/local/texlive/2011/texmf-dist/tex/generic/oberdiek/infwarerr.sty
Package: infwarerr 2010/04/08 v1.3 Providing info/warning/message (HO)
)
(/usr/local/texlive/2011/texmf-dist/tex/generic/oberdiek/ltxcmds.sty
Package: ltxcmds 2011/04/18 v1.20 LaTeX kernel commands for general use (HO)
)
\Gread@gobject=\count91
))
\Gin@req@height=\dimen111
\Gin@req@width=\dimen112
)
(/usr/local/texlive/2011/texmf-dist/tex/latex/amsmath/amsmath.sty
Package: amsmath 2000/07/18 v2.13 AMS math features
\@mathmargin=\skip45

For additional information on amsmath, use the `?' option.
(/usr/local/texlive/2011/texmf-dist/tex/latex/amsmath/amstext.sty
Package: amstext 2000/06/29 v2.01

(/usr/local/texlive/2011/texmf-dist/tex/latex/amsmath/amsgen.sty
File: amsgen.sty 1999/11/30 v2.0
\@emptytoks=\toks16
\ex@=\dimen113
))
(/usr/local/texlive/2011/texmf-dist/tex/latex/amsmath/amsbsy.sty
Package: amsbsy 1999/11/29 v1.2d
\pmbraise@=\dimen114
)
(/usr/local/texlive/2011/texmf-dist/tex/latex/amsmath/amsopn.sty
Package: amsopn 1999/12/14 v2.01 operator names
)
\inf@bad=\count92
LaTeX Info: Redefining \frac on input line 211.
\uproot@=\count93
\leftroot@=\count94
LaTeX Info: Redefining \overline on input line 307.
\classnum@=\count95
\DOTSCASE@=\count96
LaTeX Info: Redefining \ldots on input line 379.
LaTeX Info: Redefining \dots on input line 382.
LaTeX Info: Redefining \cdots on input line 467.
\Mathstrutbox@=\box26
\strutbox@=\box27
\big@size=\dimen115
LaTeX Font Info:    Redeclaring font encoding OML on input line 567.
LaTeX Font Info:    Redeclaring font encoding OMS on input line 568.
\macc@depth=\count97
\c@MaxMatrixCols=\count98
\dotsspace@=\muskip10
\c@parentequation=\count99
\dspbrk@lvl=\count100
\tag@help=\toks17
\row@=\count101
\column@=\count102
\maxfields@=\count103
\andhelp@=\toks18
\eqnshift@=\dimen116
\alignsep@=\dimen117
\tagshift@=\dimen118
\tagwidth@=\dimen119
\totwidth@=\dimen120
\lineht@=\dimen121
\@envbody=\toks19
\multlinegap=\skip46
\multlinetaggap=\skip47
\mathdisplay@stack=\toks20
LaTeX Info: Redefining \[ on input line 2666.
LaTeX Info: Redefining \] on input line 2667.
)
(/usr/local/texlive/2011/texmf-dist/tex/latex/multirow/multirow.sty
\bigstrutjot=\dimen122
)
(/usr/local/texlive/2011/texmf-dist/tex/latex/preprint/fullpage.sty
Package: fullpage 1999/02/23 1.1 (PWD)
\FP@margin=\skip48
)
(/usr/local/texlive/2011/texmf-dist/tex/latex/semantic/semantic.sty
Package: semantic 2003/10/28 v2.0(epsilon) 

Semantic Package v2.0(epsilon) [2003/10/28]
CVSId: $Id: semantic.dtx,v 1.11 2003/10/28 13:45:57 turtle Exp $
\c@@@conflict=\count104
Loading features: 
(/usr/local/texlive/2011/texmf-dist/tex/latex/semantic/infernce.sty
\@@tempa=\toks21
\@@tempb=\toks22
\@@pSpace=\skip49
\@@pEnd=\skip50
\@@nSpace=\skip51
\@@aLineBox=\box28
)
 inference rules,
(/usr/local/texlive/2011/texmf-dist/tex/latex/semantic/ligature.sty
\@pushedtoks=\toks23
\@seentoks=\toks24
)
 math mode ligatures,
(/usr/local/texlive/2011/texmf-dist/tex/latex/semantic/shrthand.sty)
 short hands,
and general definitions.

\@@maxwidth=\dimen123
\@@pLineBox=\box29
\@@cBox=\box30
\@@pBox=\box31
) (/usr/local/texlive/2011/texmf-dist/tex/latex/fancyvrb/fancyvrb.sty
Package: fancyvrb 2008/02/07

Style option: `fancyvrb' v2.7a, with DG/SPQR fixes, and firstline=lastline fix 
<2008/02/07> (tvz)
\FV@CodeLineNo=\count105
\FV@InFile=\read1
\FV@TabBox=\box32
\c@FancyVerbLine=\count106
\FV@StepNumber=\count107
\FV@OutFile=\write3
)
(/usr/local/texlive/2011/texmf-dist/tex/latex/listings/listings.sty
\lst@mode=\count108
\lst@gtempboxa=\box33
\lst@token=\toks25
\lst@length=\count109
\lst@currlwidth=\dimen124
\lst@column=\count110
\lst@pos=\count111
\lst@lostspace=\dimen125
\lst@width=\dimen126
\lst@newlines=\count112
\lst@lineno=\count113
\lst@maxwidth=\dimen127

(/usr/local/texlive/2011/texmf-dist/tex/latex/listings/lstmisc.sty
File: lstmisc.sty 2007/02/22 1.4 (Carsten Heinz)
\c@lstnumber=\count114
\lst@skipnumbers=\count115
\lst@framebox=\box34
)
(/usr/local/texlive/2011/texmf-dist/tex/latex/listings/listings.cfg
File: listings.cfg 2007/02/22 1.4 listings configuration
))
Package: listings 2007/02/22 1.4 (Carsten Heinz)

(/usr/local/texlive/2011/texmf-dist/tex/latex/comment/comment.sty
\CommentStream=\write4

Excluding comment 'comment')
(/usr/local/texlive/2011/texmf-dist/tex/latex/fancyhdr/fancyhdr.sty
\fancy@headwidth=\skip52
\f@ncyO@elh=\skip53
\f@ncyO@erh=\skip54
\f@ncyO@olh=\skip55
\f@ncyO@orh=\skip56
\f@ncyO@elf=\skip57
\f@ncyO@erf=\skip58
\f@ncyO@olf=\skip59
\f@ncyO@orf=\skip60
)
(/usr/local/texlive/2011/texmf-dist/tex/latex/url/url.sty
\Urlmuskip=\muskip11
Package: url 2006/04/12  ver 3.3  Verb mode for urls, etc.
)
(/usr/local/texlive/2011/texmf-dist/tex/latex/subfigure/subfigure.sty
Package: subfigure 2002/03/15 v2.1.5 subfigure package
\subfigtopskip=\skip61
\subfigcapskip=\skip62
\subfigcaptopadj=\dimen128
\subfigbottomskip=\skip63
\subfigcapmargin=\dimen129
\subfiglabelskip=\skip64
\c@subfigure=\count116
\c@lofdepth=\count117
\c@subtable=\count118
\c@lotdepth=\count119

****************************************
* Local config file subfigure.cfg used *
****************************************
(/usr/local/texlive/2011/texmf-dist/tex/latex/subfigure/subfigure.cfg)
\subfig@top=\skip65
\subfig@bottom=\skip66
)
(/usr/local/texlive/2011/texmf-dist/tex/generic/babel/babel.sty
Package: babel 2008/07/06 v3.8l The Babel package

(/usr/local/texlive/2011/texmf-dist/tex/generic/babel/english.ldf
Language: english 2005/03/30 v3.3o English support from the babel system

(/usr/local/texlive/2011/texmf-dist/tex/generic/babel/babel.def
File: babel.def 2008/07/06 v3.8l Babel common definitions
\babel@savecnt=\count120
\U@D=\dimen130
)
\l@canadian = a dialect from \language\l@american 
\l@australian = a dialect from \language\l@british 
\l@newzealand = a dialect from \language\l@british 
))
(/usr/local/texlive/2011/texmf-dist/tex/latex/preprint/balance.sty
Package: balance 1999/02/23 4.3 (PWD)
\oldvsize=\dimen131
)
(/usr/local/texlive/2011/texmf-dist/tex/latex/titlesec/titlesec.sty
Package: titlesec 2007/08/12 v2.8 Sectioning titles
\ttl@box=\box35
\beforetitleunit=\skip67
\aftertitleunit=\skip68
\ttl@plus=\dimen132
\ttl@minus=\dimen133
\ttl@toksa=\toks26
\titlewidth=\dimen134
\titlewidthlast=\dimen135
\titlewidthfirst=\dimen136
)
(/usr/local/texlive/2011/texmf-dist/tex/latex/sidecap/sidecap.sty
Package: sidecap 2003/06/06 v1.6f SideCap Package (RN/HjG)

(/usr/local/texlive/2011/texmf-dist/tex/latex/base/ifthen.sty
Package: ifthen 2001/05/26 v1.1c Standard LaTeX ifthen package (DPC)
)
\SC@BOXWD=\dimen137
\SC@CAPWD=\dimen138
\SC@tempdima=\dimen139
\SC@tempdimb=\dimen140
\c@SC@C=\count121
\SC@BOX=\box36
)
(/usr/local/texlive/2011/texmf-dist/tex/latex/wrapfig/wrapfig.sty
\wrapoverhang=\dimen141
\WF@size=\dimen142
\c@WF@wrappedlines=\count122
\WF@box=\box37
\WF@everypar=\toks27
Package: wrapfig 2003/01/31  v 3.6
)
(/usr/local/texlive/2011/texmf-dist/tex/latex/tools/array.sty
Package: array 2008/09/09 v2.4c Tabular extension package (FMi)
\col@sep=\dimen143
\extrarowheight=\dimen144
\NC@list=\toks28
\extratabsurround=\skip69
\backup@length=\skip70
)
(/usr/local/texlive/2011/texmf-dist/tex/latex/xcolor/xcolor.sty
Package: xcolor 2007/01/21 v2.11 LaTeX color extensions (UK)

(/usr/local/texlive/2011/texmf-dist/tex/latex/latexconfig/color.cfg
File: color.cfg 2007/01/18 v1.5 color configuration of teTeX/TeXLive
)
Package xcolor Info: Driver file: pdftex.def on input line 225.

(/usr/local/texlive/2011/texmf-dist/tex/latex/colortbl/colortbl.sty
Package: colortbl 2001/02/13 v0.1j Color table columns (DPC)
\everycr=\toks29
\minrowclearance=\skip71
)
\rownum=\count123
Package xcolor Info: Model `cmy' substituted by `cmy0' on input line 1337.
Package xcolor Info: Model `hsb' substituted by `rgb' on input line 1341.
Package xcolor Info: Model `RGB' extended on input line 1353.
Package xcolor Info: Model `HTML' substituted by `rgb' on input line 1355.
Package xcolor Info: Model `Hsb' substituted by `hsb' on input line 1356.
Package xcolor Info: Model `tHsb' substituted by `hsb' on input line 1357.
Package xcolor Info: Model `HSB' substituted by `hsb' on input line 1358.
Package xcolor Info: Model `Gray' substituted by `gray' on input line 1359.
Package xcolor Info: Model `wave' substituted by `hsb' on input line 1360.
)
(./MRes_IRP.aux

LaTeX Warning: Label `eq:4' multiply defined.

)
\openout1 = `MRes_IRP.aux'.

LaTeX Font Info:    Checking defaults for OML/cmm/m/it on input line 72.
LaTeX Font Info:    ... okay on input line 72.
LaTeX Font Info:    Checking defaults for T1/cmr/m/n on input line 72.
LaTeX Font Info:    ... okay on input line 72.
LaTeX Font Info:    Checking defaults for OT1/cmr/m/n on input line 72.
LaTeX Font Info:    ... okay on input line 72.
LaTeX Font Info:    Checking defaults for OMS/cmsy/m/n on input line 72.
LaTeX Font Info:    ... okay on input line 72.
LaTeX Font Info:    Checking defaults for OMX/cmex/m/n on input line 72.
LaTeX Font Info:    ... okay on input line 72.
LaTeX Font Info:    Checking defaults for U/cmr/m/n on input line 72.
LaTeX Font Info:    ... okay on input line 72.

*geometry* driver: auto-detecting
*geometry* detected driver: pdftex
*geometry* verbose mode - [ preamble ] result:
* driver: pdftex
* paper: a4paper
* layout: <same size as paper>
* layoutoffset:(h,v)=(0.0pt,0.0pt)
* modes: 
* h-part:(L,W,R)=(89.62709pt, 418.25368pt, 89.6271pt)
* v-part:(T,H,B)=(101.40665pt, 591.5302pt, 152.11pt)
* \paperwidth=597.50787pt
* \paperheight=845.04684pt
* \textwidth=452.9679pt
* \textheight=670.50687pt
* \oddsidemargin=0.0pt
* \evensidemargin=0.0pt
* \topmargin=0.0pt
* \headheight=0.0pt
* \headsep=0.0pt
* \topskip=11.0pt
* \footskip=30.0pt
* \marginparwidth=50.0pt
* \marginparsep=10.0pt
* \columnsep=10.0pt
* \skip\footins=10.0pt plus 4.0pt minus 2.0pt
* \hoffset=0.0pt
* \voffset=0.0pt
* \mag=1000
* \@twocolumnfalse
* \@twosidefalse
* \@mparswitchfalse
* \@reversemarginfalse
* (1in=72.27pt=25.4mm, 1cm=28.453pt)

(/usr/local/texlive/2011/texmf-dist/tex/context/base/supp-pdf.mkii
[Loading MPS to PDF converter (version 2006.09.02).]
\scratchcounter=\count124
\scratchdimen=\dimen145
\scratchbox=\box38
\nofMPsegments=\count125
\nofMParguments=\count126
\everyMPshowfont=\toks30
\MPscratchCnt=\count127
\MPscratchDim=\dimen146
\MPnumerator=\count128
\makeMPintoPDFobject=\count129
\everyMPtoPDFconversion=\toks31
) (/usr/local/texlive/2011/texmf-dist/tex/generic/oberdiek/pdftexcmds.sty
Package: pdftexcmds 2011/04/22 v0.16 Utilities of pdfTeX for LuaTeX (HO)

(/usr/local/texlive/2011/texmf-dist/tex/generic/oberdiek/ifluatex.sty
Package: ifluatex 2010/03/01 v1.3 Provides the ifluatex switch (HO)
Package ifluatex Info: LuaTeX not detected.
)
Package pdftexcmds Info: LuaTeX not detected.
Package pdftexcmds Info: \pdf@primitive is available.
Package pdftexcmds Info: \pdf@ifprimitive is available.
Package pdftexcmds Info: \pdfdraftmode found.
)
(/usr/local/texlive/2011/texmf-dist/tex/latex/oberdiek/epstopdf-base.sty
Package: epstopdf-base 2010/02/09 v2.5 Base part for package epstopdf

(/usr/local/texlive/2011/texmf-dist/tex/latex/oberdiek/grfext.sty
Package: grfext 2010/08/19 v1.1 Managing graphics extensions (HO)

(/usr/local/texlive/2011/texmf-dist/tex/generic/oberdiek/kvdefinekeys.sty
Package: kvdefinekeys 2011/04/07 v1.3 Defining keys (HO)
))
(/usr/local/texlive/2011/texmf-dist/tex/latex/oberdiek/kvoptions.sty
Package: kvoptions 2010/12/23 v3.10 Keyval support for LaTeX options (HO)

(/usr/local/texlive/2011/texmf-dist/tex/generic/oberdiek/kvsetkeys.sty
Package: kvsetkeys 2011/04/07 v1.13 Key value parser (HO)

(/usr/local/texlive/2011/texmf-dist/tex/generic/oberdiek/etexcmds.sty
Package: etexcmds 2011/02/16 v1.5 Prefix for e-TeX command names (HO)
Package etexcmds Info: Could not find \expanded.
(etexcmds)             That can mean that you are not using pdfTeX 1.50 or
(etexcmds)             that some package has redefined \expanded.
(etexcmds)             In the latter case, load this package earlier.
)))
Package grfext Info: Graphics extension search list:
(grfext)             [.png,.pdf,.jpg,.mps,.jpeg,.jbig2,.jb2,.PNG,.PDF,.JPG,.JPE
G,.JBIG2,.JB2,.eps]
(grfext)             \AppendGraphicsExtensions on input line 452.

(/usr/local/texlive/2011/texmf-dist/tex/latex/latexconfig/epstopdf-sys.cfg
File: epstopdf-sys.cfg 2010/07/13 v1.3 Configuration of (r)epstopdf for TeX Liv
e
))
\c@lstlisting=\count130

(/usr/local/texlive/2011/texmf-dist/tex/latex/ms/ragged2e.sty
Package: ragged2e 2009/05/21 v2.1 ragged2e Package (MS)

(/usr/local/texlive/2011/texmf-dist/tex/latex/ms/everysel.sty
Package: everysel 2009/05/30 v1.1 EverySelectfont Package (MS)
LaTeX Info: Redefining \selectfont on input line 117.
)
\CenteringLeftskip=\skip72
\RaggedLeftLeftskip=\skip73
\RaggedRightLeftskip=\skip74
\CenteringRightskip=\skip75
\RaggedLeftRightskip=\skip76
\RaggedRightRightskip=\skip77
\CenteringParfillskip=\skip78
\RaggedLeftParfillskip=\skip79
\RaggedRightParfillskip=\skip80
\JustifyingParfillskip=\skip81
\CenteringParindent=\skip82
\RaggedLeftParindent=\skip83
\RaggedRightParindent=\skip84
\JustifyingParindent=\skip85
) [1

{/usr/local/texlive/2011/texmf-var/fonts/map/pdftex/updmap/pdftex.map}]
<HelixShapes.png, id=13, 155.58125pt x 318.18875pt>
File: HelixShapes.png Graphic file (type png)
 <use HelixShapes.png>
Package pdftex.def Info: HelixShapes.png used on input line 143.
(pdftex.def)             Requested size: 181.18439pt x 370.55574pt.

Underfull \hbox (badness 1527) in paragraph at lines 152--170
[][] [][] \OT1/cmr/m/n/10.95 For the pur-poses of drug de-liv-ery the
 []


Underfull \hbox (badness 1769) in paragraph at lines 152--170
\OT1/cmr/m/n/10.95 the mi-cro-robot wire-lessly. Most in-vivo
 []


Underfull \hbox (badness 1609) in paragraph at lines 152--170
\OT1/cmr/m/n/10.95 im-proved char-ac-ter-is-tic such as high cell
 []


Underfull \hbox (badness 1571) in paragraph at lines 152--170
\OT1/cmr/m/n/10.95 of the art tech-nique to fab-ri-cate porous
 []

[2 <./HelixShapes.png>] <11.png, id=17, 466.74374pt x 147.55125pt>
File: 11.png Graphic file (type png)

<use 11.png>
Package pdftex.def Info: 11.png used on input line 187.
(pdftex.def)             Requested size: 407.66833pt x 128.88187pt.

Underfull \hbox (badness 1122) in paragraph at lines 188--188
[]\OT1/cmr/m/n/10.95 Figure 2: The ef-fect of the grav-ity on the mi-cro-robot 
mo-tion di-rec-tion and grav-ity
 []

<4.png, id=18, 205.76875pt x 364.36125pt>
File: 4.png Graphic file (type png)
 <use 4.png>
Package pdftex.def Info: 4.png used on input line 198.
(pdftex.def)             Requested size: 181.18439pt x 320.82791pt.

Underfull \hbox (badness 2846) in paragraph at lines 200--200
[]\OT1/cmr/m/n/10.95 Figure 3: The im-age of two de-signs of
 []


Underfull \hbox (badness 4266) in paragraph at lines 200--200
\OT1/cmr/m/n/10.95 fab-ri-cated mi-cro-robot un-der scan elec-tron
 []


Underfull \hbox (badness 10000) in paragraph at lines 200--200
\OT1/cmr/m/n/10.95 mi-croscopy, cylindrical-shaped (first) and
 []


Underfull \hbox (badness 2181) in paragraph at lines 219--225
\OT1/cmr/m/n/10.95 Fig-ure 3[]. For the fab-ri-ca-tion method,
 []


Underfull \hbox (badness 1092) in paragraph at lines 219--225
\OT1/cmr/m/n/10.95 struc-ture has a greater amount of nickel
 []


Underfull \hbox (badness 1478) in paragraph at lines 219--225
\OT1/cmr/m/n/10.95 the cylin-dri-cal struc-ture is prefer-able for
 []


Underfull \hbox (badness 1057) in paragraph at lines 226--237
\OT1/cmr/m/n/10.95 each mi-cro-robot. The over-all con-trol of
 []

[3 <./11.png> <./4.png>] <7.png, id=24, 273.02pt x 329.23pt>
File: 7.png Graphic file (type png)
 <use 7.png>
Package pdftex.def Info: 7.png used on input line 253.
(pdftex.def)             Requested size: 226.48395pt x 273.11513pt.

[4 <./7.png>] <8.png, id=29, 424.58624pt x 262.9825pt>
File: 8.png Graphic file (type png)
 <use 8.png>
Package pdftex.def Info: 8.png used on input line 328.
(pdftex.def)             Requested size: 317.07614pt x 196.40172pt.
 [5 <./8.png>] <nanoJet3.png, id=35, 286.06876pt x 212.795pt>
File: nanoJet3.png Graphic file (type png)
 <use nanoJet3.png>
Package pdftex.def Info: nanoJet3.png used on input line 372.
(pdftex.def)             Requested size: 226.48395pt x 168.4731pt.

Underfull \hbox (badness 2368) in paragraph at lines 374--374
\OT1/cmr/m/n/10.95 of the nan-otubes un-der ro-tat-ing mag-netic
 []


Underfull \hbox (badness 1852) in paragraph at lines 379--384
\OT1/cmr/m/n/10.95 mag-netic field such that changes in the
 []


Underfull \hbox (badness 10000) in paragraph at lines 388--388
 |[]\OT1/cmr/bx/n/12 Bioinspired Flag-ella (tail)
 []


Underfull \hbox (badness 2343) in paragraph at lines 390--397
\OT1/cmr/m/n/10.95 One of the most chal-leng-ing as-pects of
 []


Underfull \hbox (badness 1648) in paragraph at lines 390--397
\OT1/cmr/m/n/10.95 is, in-te-gra-tion will be-come un-fea-si-ble on
 []

<cilia.png, id=36, 492.84125pt x 201.75375pt>
File: cilia.png Graphic file (type png)
 <use cilia.png>
Package pdftex.def Info: cilia.png used on input line 402.
(pdftex.def)             Requested size: 407.66833pt x 166.89526pt.
 [6 <./nanoJet3.png>] <10.png, id=40, 299.1175pt x 219.82124pt>
File: 10.png Graphic file (type png)
 <use 10.png>
Package pdftex.def Info: 10.png used on input line 424.
(pdftex.def)             Requested size: 226.48395pt x 166.44534pt.
 [7 <./cilia.png> <./10.png>] <plants.png, id=45, 562.1pt x 250.9375pt>
File: plants.png Graphic file (type png)
 <use plants.png>
Package pdftex.def Info: plants.png used on input line 508.
(pdftex.def)             Requested size: 407.66833pt x 181.99585pt.

<plants2.png, id=46, 455.7025pt x 362.35374pt>
File: plants2.png Graphic file (type png)
 <use plants2.png>
Package pdftex.def Info: plants2.png used on input line 536.
(pdftex.def)             Requested size: 226.48395pt x 180.09273pt.
 [8]
Underfull \hbox (badness 1281) in paragraph at lines 545--547
\OT1/cmr/m/n/10.95 con-trol and char-ac-ter-is-ing the lo-co-mo-tion
 []


Underfull \hbox (badness 1009) in paragraph at lines 548--553
\OT1/cmr/m/n/10.95 plant-based mi-croswim-mers ex-hib-ited high
 []


Underfull \hbox (badness 1436) in paragraph at lines 548--553
\OT1/cmr/m/n/10.95 mag-netic field. More-over, the in-creased
 []


Underfull \hbox (badness 1231) in paragraph at lines 548--553
\OT1/cmr/m/n/10.95 which is an im-por-tant ad-van-tage of this
 []

<screw_ta.png, id=50, 87.32625pt x 78.2925pt>
File: screw_ta.png Graphic file (type png)
 <use screw_ta.png>
Package pdftex.def Info: screw_ta.png used on input line 568.
(pdftex.def)             Requested size: 135.9126pt x 71.13397pt.
LaTeX Font Info:    Try loading font information for OMS+cmr on input line 573.


(/usr/local/texlive/2011/texmf-dist/tex/latex/base/omscmr.fd
File: omscmr.fd 1999/05/25 v2.5h Standard LaTeX font definitions
)
LaTeX Font Info:    Font shape `OMS/cmr/m/n' in size <10.95> not available
(Font)              Font shape `OMS/cmsy/m/n' tried instead on input line 573.

Underfull \hbox (badness 10000) in paragraph at lines 573--574
[]\OT1/cmr/m/n/10.95 Helical
 []


Underfull \hbox (badness 10000) in paragraph at lines 573--574
\OT1/cmr/m/n/10.95 Screw
 []


Underfull \hbox (badness 10000) in paragraph at lines 581--582
[]\OT1/cmr/m/n/10.95 Two-photon
 []

<flagella_ta.png, id=51, 109.40875pt x 65.24374pt>
File: flagella_ta.png Graphic file (type png)
 <use flagella_ta.png>
Package pdftex.def Info: flagella_ta.png used on input line 594.
(pdftex.def)             Requested size: 135.89413pt x 71.13316pt.

Underfull \hbox (badness 10000) in paragraph at lines 599--600
[]\OT1/cmr/m/n/10.95 Flagella
 []


Underfull \hbox (badness 10000) in paragraph at lines 607--608
[]\OT1/cmr/m/n/10.95 Two-photon
 []

<tube_ta.png, id=52, 74.2775pt x 88.33pt>
File: tube_ta.png Graphic file (type png)
 <use tube_ta.png>
Package pdftex.def Info: tube_ta.png used on input line 620.
(pdftex.def)             Requested size: 135.91287pt x 71.13312pt.

Underfull \hbox (badness 10000) in paragraph at lines 632--633
[]\OT1/cmr/m/n/10.95 Molecular Beam
 []

<plant_ta.png, id=53, 104.39pt x 84.315pt>
File: plant_ta.png Graphic file (type png)
 <use plant_ta.png>
Package pdftex.def Info: plant_ta.png used on input line 648.
(pdftex.def)             Requested size: 135.91084pt x 71.13286pt.

Underfull \hbox (badness 1122) in paragraph at lines 660--661
[]\OT1/cmr/m/n/10.95 Macerating Plant's
 []


Underfull \hbox (badness 10000) in paragraph at lines 661--662
[]\OT1/cmr/m/n/10.95 Seperating Spi-ral
 []


Underfull \hbox (badness 10000) in paragraph at lines 662--663
[]\OT1/cmr/m/n/10.95 Stretching spi-ral
 []

<Jelly.png, id=54, 132.495pt x 124.465pt>
File: Jelly.png Graphic file (type png)
 <use Jelly.png>
Package pdftex.def Info: Jelly.png used on input line 677.
(pdftex.def)             Requested size: 135.90123pt x 71.1338pt.

Overfull \hbox (15.98729pt too wide) in paragraph at lines 563--703
 [][] 
 []


LaTeX Warning: `!h' float specifier changed to `!ht'.

<jellyfish.png, id=55, 448.67625pt x 220.825pt>
File: jellyfish.png Graphic file (type png)
 <use jellyfish.png>
Package pdftex.def Info: jellyfish.png used on input line 719.
(pdftex.def)             Requested size: 407.66833pt x 200.6478pt.
 [9 <./plants.png> <./plants2.png>] (./MRes_IRP.bbl [10 <./screw_ta.png> <./fla
gella_ta.png> <./tube_ta.png> <./plant_ta.png> <./Jelly.png>] [11 <./jellyfish.
png>])
[12] (./MRes_IRP.aux)

LaTeX Warning: There were multiply-defined labels.

 ) 
Here is how much of TeX's memory you used:
 6617 strings out of 493633
 91171 string characters out of 3143377
 179419 words of memory out of 3000000
 9767 multiletter control sequences out of 15000+200000
 10655 words of font info for 38 fonts, out of 3000000 for 9000
 831 hyphenation exceptions out of 8191
 41i,15n,43p,421b,505s stack positions out of 5000i,500n,10000p,200000b,50000s
</usr/local/texlive/2011/texmf-dist/fonts/type1/public/amsfonts/cm/cmbx10.pfb
></usr/local/texlive/2011/texmf-dist/fonts/type1/public/amsfonts/cm/cmbx12.pfb>
</usr/local/texlive/2011/texmf-dist/fonts/type1/public/amsfonts/cm/cmcsc10.pfb>
</usr/local/texlive/2011/texmf-dist/fonts/type1/public/amsfonts/cm/cmex10.pfb><
/usr/local/texlive/2011/texmf-dist/fonts/type1/public/amsfonts/cm/cmmi10.pfb></
usr/local/texlive/2011/texmf-dist/fonts/type1/public/amsfonts/cm/cmmi8.pfb></us
r/local/texlive/2011/texmf-dist/fonts/type1/public/amsfonts/cm/cmr10.pfb></usr/
local/texlive/2011/texmf-dist/fonts/type1/public/amsfonts/cm/cmr12.pfb></usr/lo
cal/texlive/2011/texmf-dist/fonts/type1/public/amsfonts/cm/cmr17.pfb></usr/loca
l/texlive/2011/texmf-dist/fonts/type1/public/amsfonts/cm/cmr8.pfb></usr/local/t
exlive/2011/texmf-dist/fonts/type1/public/amsfonts/cm/cmsy10.pfb></usr/local/te
xlive/2011/texmf-dist/fonts/type1/public/amsfonts/cm/cmsy8.pfb></usr/local/texl
ive/2011/texmf-dist/fonts/type1/public/amsfonts/cm/cmti10.pfb>
Output written on MRes_IRP.pdf (12 pages, 1185141 bytes).
PDF statistics:
 111 PDF objects out of 1000 (max. 8388607)
 67 compressed objects within 1 object stream
 0 named destinations out of 1000 (max. 500000)
 81 words of extra memory for PDF output out of 10000 (max. 10000000)

