This is pdfTeX, Version 3.1415926-2.3-1.40.12 (TeX Live 2011) (format=pdflatex 2012.3.19)  9 SEP 2014 00:09
entering extended mode
 restricted \write18 enabled.
 %&-line parsing enabled.
**MRes_Indivi_Proj.tex
(./MRes_Indivi_Proj.tex
LaTeX2e <2009/09/24>
Babel <v3.8l> and hyphenation patterns for english, dumylang, nohyphenation, ge
rman-x-2009-06-19, ngerman-x-2009-06-19, afrikaans, ancientgreek, ibycus, arabi
c, armenian, basque, bulgarian, catalan, pinyin, coptic, croatian, czech, danis
h, dutch, ukenglish, usenglishmax, esperanto, estonian, ethiopic, farsi, finnis
h, french, galician, german, ngerman, swissgerman, monogreek, greek, hungarian,
 icelandic, assamese, bengali, gujarati, hindi, kannada, malayalam, marathi, or
iya, panjabi, tamil, telugu, indonesian, interlingua, irish, italian, kurmanji,
 lao, latin, latvian, lithuanian, mongolian, mongolianlmc, bokmal, nynorsk, pol
ish, portuguese, romanian, russian, sanskrit, serbian, serbianc, slovak, sloven
ian, spanish, swedish, turkish, turkmen, ukrainian, uppersorbian, welsh, loaded
.
(/usr/local/texlive/2011/texmf-dist/tex/latex/base/report.cls
Document Class: report 2007/10/19 v1.4h Standard LaTeX document class
(/usr/local/texlive/2011/texmf-dist/tex/latex/base/size12.clo
File: size12.clo 2007/10/19 v1.4h Standard LaTeX file (size option)
)
\c@part=\count79
\c@chapter=\count80
\c@section=\count81
\c@subsection=\count82
\c@subsubsection=\count83
\c@paragraph=\count84
\c@subparagraph=\count85
\c@figure=\count86
\c@table=\count87
\abovecaptionskip=\skip41
\belowcaptionskip=\skip42
\bibindent=\dimen102
)
(/usr/local/texlive/2011/texmf-dist/tex/latex/base/inputenc.sty
Package: inputenc 2008/03/30 v1.1d Input encoding file
\inpenc@prehook=\toks14
\inpenc@posthook=\toks15

(/usr/local/texlive/2011/texmf-dist/tex/latex/ucs/utf8x.def
File: utf8x.def 2004/10/17 UCS: Input encoding UTF-8
))
(/usr/local/texlive/2011/texmf-dist/tex/latex/ucs/ucs.sty
Package: ucs 2004/10/17 UCS: Unicode input support

(/usr/local/texlive/2011/texmf-dist/tex/latex/ucs/data/uni-global.def
File: uni-global.def 2004/10/17 UCS: Unicode global data
)
\uc@secondtry=\count88
\uc@combtoks=\toks16
\uc@combtoksb=\toks17
\uc@temptokena=\toks18
)
(/usr/local/texlive/2011/texmf-dist/tex/latex/amsfonts/amsfonts.sty
Package: amsfonts 2009/06/22 v3.00 Basic AMSFonts support
\@emptytoks=\toks19
\symAMSa=\mathgroup4
\symAMSb=\mathgroup5
LaTeX Font Info:    Overwriting math alphabet `\mathfrak' in version `bold'
(Font)                  U/euf/m/n --> U/euf/b/n on input line 96.
)
(/usr/local/texlive/2011/texmf-dist/tex/latex/fancyhdr/fancyhdr.sty
\fancy@headwidth=\skip43
\f@ncyO@elh=\skip44
\f@ncyO@erh=\skip45
\f@ncyO@olh=\skip46
\f@ncyO@orh=\skip47
\f@ncyO@elf=\skip48
\f@ncyO@erf=\skip49
\f@ncyO@olf=\skip50
\f@ncyO@orf=\skip51
)
(/usr/local/texlive/2011/texmf-dist/tex/latex/titlesec/titlesec.sty
Package: titlesec 2007/08/12 v2.8 Sectioning titles
\ttl@box=\box26
\beforetitleunit=\skip52
\aftertitleunit=\skip53
\ttl@plus=\dimen103
\ttl@minus=\dimen104
\ttl@toksa=\toks20
\titlewidth=\dimen105
\titlewidthlast=\dimen106
\titlewidthfirst=\dimen107
)
(/usr/local/texlive/2011/texmf-dist/tex/latex/tocloft/tocloft.sty
Package: tocloft 2010/10/13 v2.3e parameterised ToC, etc., typesetting
Package tocloft Info: The document has chapter divisions on input line 43.
\cftparskip=\skip54
\cftbeforetoctitleskip=\skip55
\cftaftertoctitleskip=\skip56
\cftbeforepartskip=\skip57
\cftpartnumwidth=\skip58
\cftpartindent=\skip59
\cftbeforechapskip=\skip60
\cftchapindent=\skip61
\cftchapnumwidth=\skip62
\cftbeforesecskip=\skip63
\cftsecindent=\skip64
\cftsecnumwidth=\skip65
\cftbeforesubsecskip=\skip66
\cftsubsecindent=\skip67
\cftsubsecnumwidth=\skip68
\cftbeforesubsubsecskip=\skip69
\cftsubsubsecindent=\skip70
\cftsubsubsecnumwidth=\skip71
\cftbeforeparaskip=\skip72
\cftparaindent=\skip73
\cftparanumwidth=\skip74
\cftbeforesubparaskip=\skip75
\cftsubparaindent=\skip76
\cftsubparanumwidth=\skip77
\cftbeforeloftitleskip=\skip78
\cftafterloftitleskip=\skip79
\cftbeforefigskip=\skip80
\cftfigindent=\skip81
\cftfignumwidth=\skip82
\c@lofdepth=\count89
\c@lotdepth=\count90
\cftbeforelottitleskip=\skip83
\cftafterlottitleskip=\skip84
\cftbeforetabskip=\skip85
\cfttabindent=\skip86
\cfttabnumwidth=\skip87
)
(/usr/local/texlive/2011/texmf-dist/tex/latex/listings/listings.sty
(/usr/local/texlive/2011/texmf-dist/tex/latex/graphics/keyval.sty
Package: keyval 1999/03/16 v1.13 key=value parser (DPC)
\KV@toks@=\toks21
)
\lst@mode=\count91
\lst@gtempboxa=\box27
\lst@token=\toks22
\lst@length=\count92
\lst@currlwidth=\dimen108
\lst@column=\count93
\lst@pos=\count94
\lst@lostspace=\dimen109
\lst@width=\dimen110
\lst@newlines=\count95
\lst@lineno=\count96
\lst@maxwidth=\dimen111

(/usr/local/texlive/2011/texmf-dist/tex/latex/listings/lstmisc.sty
File: lstmisc.sty 2007/02/22 1.4 (Carsten Heinz)
\c@lstnumber=\count97
\lst@skipnumbers=\count98
\lst@framebox=\box28
)
(/usr/local/texlive/2011/texmf-dist/tex/latex/listings/listings.cfg
File: listings.cfg 2007/02/22 1.4 listings configuration
))
Package: listings 2007/02/22 1.4 (Carsten Heinz)

(/usr/local/texlive/2011/texmf-dist/tex/latex/base/fontenc.sty
Package: fontenc 2005/09/27 v1.99g Standard LaTeX package

(/usr/local/texlive/2011/texmf-dist/tex/latex/base/t1enc.def
File: t1enc.def 2005/09/27 v1.99g Standard LaTeX file
LaTeX Font Info:    Redeclaring font encoding T1 on input line 43.
))
(/usr/local/texlive/2011/texmf-dist/tex/latex/ascii/ascii.sty
File: ascii.sty 2006/05/30 v2.0 Package `ascii.sty'

(/usr/local/texlive/2011/texmf-dist/tex/latex/tools/xspace.sty
Package: xspace 2006/05/08 v1.12 Space after command names (DPC,MH)
))
(/usr/local/texlive/2011/texmf-dist/tex/latex/graphics/graphicx.sty
Package: graphicx 1999/02/16 v1.0f Enhanced LaTeX Graphics (DPC,SPQR)

(/usr/local/texlive/2011/texmf-dist/tex/latex/graphics/graphics.sty
Package: graphics 2009/02/05 v1.0o Standard LaTeX Graphics (DPC,SPQR)

(/usr/local/texlive/2011/texmf-dist/tex/latex/graphics/trig.sty
Package: trig 1999/03/16 v1.09 sin cos tan (DPC)
)
(/usr/local/texlive/2011/texmf-dist/tex/latex/latexconfig/graphics.cfg
File: graphics.cfg 2010/04/23 v1.9 graphics configuration of TeX Live
)
Package graphics Info: Driver file: pdftex.def on input line 91.

(/usr/local/texlive/2011/texmf-dist/tex/latex/pdftex-def/pdftex.def
File: pdftex.def 2011/05/27 v0.06d Graphics/color for pdfTeX

(/usr/local/texlive/2011/texmf-dist/tex/generic/oberdiek/infwarerr.sty
Package: infwarerr 2010/04/08 v1.3 Providing info/warning/message (HO)
)
(/usr/local/texlive/2011/texmf-dist/tex/generic/oberdiek/ltxcmds.sty
Package: ltxcmds 2011/04/18 v1.20 LaTeX kernel commands for general use (HO)
)
\Gread@gobject=\count99
))
\Gin@req@height=\dimen112
\Gin@req@width=\dimen113
)
(/usr/local/texlive/2011/texmf-dist/tex/latex/psnfss/pifont.sty
Package: pifont 2005/04/12 PSNFSS-v9.2a Pi font support (SPQR) 
LaTeX Font Info:    Try loading font information for U+pzd on input line 63.

(/usr/local/texlive/2011/texmf-dist/tex/latex/psnfss/upzd.fd
File: upzd.fd 2001/06/04 font definitions for U/pzd.
)
LaTeX Font Info:    Try loading font information for U+psy on input line 64.

(/usr/local/texlive/2011/texmf-dist/tex/latex/psnfss/upsy.fd
File: upsy.fd 2001/06/04 font definitions for U/psy.
))
(/usr/local/texlive/2011/texmf-dist/tex/latex/float/float.sty
Package: float 2001/11/08 v1.3d Float enhancements (AL)
\c@float@type=\count100
\float@exts=\toks23
\float@box=\box29
\@float@everytoks=\toks24
\@floatcapt=\box30
)
(/usr/local/texlive/2011/texmf-dist/tex/latex/sidecap/sidecap.sty
Package: sidecap 2003/06/06 v1.6f SideCap Package (RN/HjG)

(/usr/local/texlive/2011/texmf-dist/tex/latex/base/ifthen.sty
Package: ifthen 2001/05/26 v1.1c Standard LaTeX ifthen package (DPC)
)
\SC@BOXWD=\dimen114
\SC@CAPWD=\dimen115
\SC@tempdima=\dimen116
\SC@tempdimb=\dimen117
\c@SC@C=\count101
\SC@BOX=\box31
)
(/usr/local/texlive/2011/texmf-dist/tex/latex/wrapfig/wrapfig.sty
\wrapoverhang=\dimen118
\WF@size=\dimen119
\c@WF@wrappedlines=\count102
\WF@box=\box32
\WF@everypar=\toks25
Package: wrapfig 2003/01/31  v 3.6
)
(/usr/local/texlive/2011/texmf-dist/tex/latex/titlesec/titletoc.sty
Package: titletoc 2007/08/12 v1.6 TOC entries
\ttl@leftsep=\dimen120
)
(/usr/local/texlive/2011/texmf-dist/tex/latex/tocbibind/tocbibind.sty
Package: tocbibind 2010/10/13 v1.5k extra ToC listings
Package tocbibind Info: The document has chapter divisions on input line 50.


Package tocbibind Note: Using chapter style headings, unless overridden.

) (/usr/local/texlive/2011/texmf-dist/tex/latex/tools/afterpage.sty
Package: afterpage 1995/10/27 v1.08 After-Page Package (DPC)
\AP@output=\toks26
\AP@partial=\box33
\AP@footins=\box34
)
(/usr/local/texlive/2011/texmf-dist/tex/latex/geometry/geometry.sty
Package: geometry 2010/09/12 v5.6 Page Geometry

(/usr/local/texlive/2011/texmf-dist/tex/generic/oberdiek/ifpdf.sty
Package: ifpdf 2011/01/30 v2.3 Provides the ifpdf switch (HO)
Package ifpdf Info: pdfTeX in PDF mode is detected.
)
(/usr/local/texlive/2011/texmf-dist/tex/generic/oberdiek/ifvtex.sty
Package: ifvtex 2010/03/01 v1.5 Switches for detecting VTeX and its modes (HO)
Package ifvtex Info: VTeX not detected.
)
(/usr/local/texlive/2011/texmf-dist/tex/generic/ifxetex/ifxetex.sty
Package: ifxetex 2010/09/12 v0.6 Provides ifxetex conditional
)
\Gm@cnth=\count103
\Gm@cntv=\count104
\c@Gm@tempcnt=\count105
\Gm@bindingoffset=\dimen121
\Gm@wd@mp=\dimen122
\Gm@odd@mp=\dimen123
\Gm@even@mp=\dimen124
\Gm@layoutwidth=\dimen125
\Gm@layoutheight=\dimen126
\Gm@layouthoffset=\dimen127
\Gm@layoutvoffset=\dimen128
\Gm@dimlist=\toks27
)
(/usr/local/texlive/2011/texmf-dist/tex/latex/parskip/parskip.sty
Package: parskip 2001/04/09 non-zero parskip adjustments
)
(/usr/local/texlive/2011/texmf-dist/tex/latex/comment/comment.sty
\CommentStream=\write3

Excluding comment 'comment')
(/usr/local/texlive/2011/texmf-dist/tex/latex/natbib/natbib.sty
Package: natbib 2010/09/13 8.31b (PWD, AO)
\bibhang=\skip88
\bibsep=\skip89
LaTeX Info: Redefining \cite on input line 694.
\c@NAT@ctr=\count106
)
(/usr/local/texlive/2011/texmf-dist/tex/latex/preprint/balance.sty
Package: balance 1999/02/23 4.3 (PWD)
\oldvsize=\dimen129
)
(/usr/local/texlive/2011/texmf-dist/tex/latex/xcolor/xcolor.sty
Package: xcolor 2007/01/21 v2.11 LaTeX color extensions (UK)

(/usr/local/texlive/2011/texmf-dist/tex/latex/latexconfig/color.cfg
File: color.cfg 2007/01/18 v1.5 color configuration of teTeX/TeXLive
)
Package xcolor Info: Driver file: pdftex.def on input line 225.

(/usr/local/texlive/2011/texmf-dist/tex/latex/colortbl/colortbl.sty
Package: colortbl 2001/02/13 v0.1j Color table columns (DPC)

(/usr/local/texlive/2011/texmf-dist/tex/latex/tools/array.sty
Package: array 2008/09/09 v2.4c Tabular extension package (FMi)
\col@sep=\dimen130
\extrarowheight=\dimen131
\NC@list=\toks28
\extratabsurround=\skip90
\backup@length=\skip91
)
\everycr=\toks29
\minrowclearance=\skip92
)
\rownum=\count107
Package xcolor Info: Model `cmy' substituted by `cmy0' on input line 1337.
Package xcolor Info: Model `hsb' substituted by `rgb' on input line 1341.
Package xcolor Info: Model `RGB' extended on input line 1353.
Package xcolor Info: Model `HTML' substituted by `rgb' on input line 1355.
Package xcolor Info: Model `Hsb' substituted by `hsb' on input line 1356.
Package xcolor Info: Model `tHsb' substituted by `hsb' on input line 1357.
Package xcolor Info: Model `HSB' substituted by `hsb' on input line 1358.
Package xcolor Info: Model `Gray' substituted by `gray' on input line 1359.
Package xcolor Info: Model `wave' substituted by `hsb' on input line 1360.
)
(/usr/local/texlive/2011/texmf-dist/tex/latex/amsmath/amsmath.sty
Package: amsmath 2000/07/18 v2.13 AMS math features
\@mathmargin=\skip93

For additional information on amsmath, use the `?' option.
(/usr/local/texlive/2011/texmf-dist/tex/latex/amsmath/amstext.sty
Package: amstext 2000/06/29 v2.01

(/usr/local/texlive/2011/texmf-dist/tex/latex/amsmath/amsgen.sty
File: amsgen.sty 1999/11/30 v2.0
\@emptytoks=\toks30
\ex@=\dimen132
))
(/usr/local/texlive/2011/texmf-dist/tex/latex/amsmath/amsbsy.sty
Package: amsbsy 1999/11/29 v1.2d
\pmbraise@=\dimen133
)
(/usr/local/texlive/2011/texmf-dist/tex/latex/amsmath/amsopn.sty
Package: amsopn 1999/12/14 v2.01 operator names
)
\inf@bad=\count108
LaTeX Info: Redefining \frac on input line 211.
\uproot@=\count109
\leftroot@=\count110
LaTeX Info: Redefining \overline on input line 307.
\classnum@=\count111
\DOTSCASE@=\count112
LaTeX Info: Redefining \ldots on input line 379.
LaTeX Info: Redefining \dots on input line 382.
LaTeX Info: Redefining \cdots on input line 467.
\Mathstrutbox@=\box35
\strutbox@=\box36
\big@size=\dimen134
LaTeX Font Info:    Redeclaring font encoding OML on input line 567.
LaTeX Font Info:    Redeclaring font encoding OMS on input line 568.
\macc@depth=\count113
\c@MaxMatrixCols=\count114
\dotsspace@=\muskip10
\c@parentequation=\count115
\dspbrk@lvl=\count116
\tag@help=\toks31
\row@=\count117
\column@=\count118
\maxfields@=\count119
\andhelp@=\toks32
\eqnshift@=\dimen135
\alignsep@=\dimen136
\tagshift@=\dimen137
\tagwidth@=\dimen138
\totwidth@=\dimen139
\lineht@=\dimen140
\@envbody=\toks33
\multlinegap=\skip94
\multlinetaggap=\skip95
\mathdisplay@stack=\toks34
LaTeX Info: Redefining \[ on input line 2666.
LaTeX Info: Redefining \] on input line 2667.
)
(/usr/local/texlive/2011/texmf-dist/tex/latex/leftidx/leftidx.sty
Package: leftidx 2003/09/24 v1.03 Left indices
)
(/usr/local/texlive/2011/texmf-dist/tex/latex/semantic/semantic.sty
Package: semantic 2003/10/28 v2.0(epsilon) 

Semantic Package v2.0(epsilon) [2003/10/28]
CVSId: $Id: semantic.dtx,v 1.11 2003/10/28 13:45:57 turtle Exp $
\c@@@conflict=\count120
Loading features: 
(/usr/local/texlive/2011/texmf-dist/tex/latex/semantic/infernce.sty
\@@tempa=\toks35
\@@tempb=\toks36
\@@pSpace=\skip96
\@@pEnd=\skip97
\@@nSpace=\skip98
\@@aLineBox=\box37
)
 inference rules,
(/usr/local/texlive/2011/texmf-dist/tex/latex/semantic/ligature.sty
\@pushedtoks=\toks37
\@seentoks=\toks38
)
 math mode ligatures,
(/usr/local/texlive/2011/texmf-dist/tex/latex/semantic/shrthand.sty)
 short hands,
and general definitions.

\@@maxwidth=\dimen141
\@@pLineBox=\box38
\@@cBox=\box39
\@@pBox=\box40
) (/usr/local/texlive/2011/texmf-dist/tex/latex/tools/bm.sty
Package: bm 2004/02/26 v1.1c Bold Symbol Support (DPC/FMi)
\symboldoperators=\mathgroup6
\symboldletters=\mathgroup7
\symboldsymbols=\mathgroup8
LaTeX Font Info:    Redeclaring math alphabet \mathbf on input line 138.
LaTeX Info: Redefining \bm on input line 204.
)
(/usr/local/texlive/2011/texmf-dist/tex/latex/booktabs/booktabs.sty
Package: booktabs 2005/04/14 v1.61803 publication quality tables
\heavyrulewidth=\dimen142
\lightrulewidth=\dimen143
\cmidrulewidth=\dimen144
\belowrulesep=\dimen145
\belowbottomsep=\dimen146
\aboverulesep=\dimen147
\abovetopsep=\dimen148
\cmidrulesep=\dimen149
\cmidrulekern=\dimen150
\defaultaddspace=\dimen151
\@cmidla=\count121
\@cmidlb=\count122
\@aboverulesep=\dimen152
\@belowrulesep=\dimen153
\@thisruleclass=\count123
\@lastruleclass=\count124
\@thisrulewidth=\dimen154
)
(/usr/local/texlive/2011/texmf-dist/tex/latex/pgf/frontendlayer/tikz.sty
(/usr/local/texlive/2011/texmf-dist/tex/latex/pgf/basiclayer/pgf.sty
(/usr/local/texlive/2011/texmf-dist/tex/latex/pgf/utilities/pgfrcs.sty
(/usr/local/texlive/2011/texmf-dist/tex/generic/pgf/utilities/pgfutil-common.te
x
\pgfutil@everybye=\toks39
)
(/usr/local/texlive/2011/texmf-dist/tex/generic/pgf/utilities/pgfutil-latex.def
\pgfutil@abb=\box41
(/usr/local/texlive/2011/texmf-dist/tex/latex/ms/everyshi.sty
Package: everyshi 2001/05/15 v3.00 EveryShipout Package (MS)
))
(/usr/local/texlive/2011/texmf-dist/tex/generic/pgf/utilities/pgfrcs.code.tex
Package: pgfrcs 2010/10/25 v2.10 (rcs-revision 1.24)
))
Package: pgf 2008/01/15 v2.10 (rcs-revision 1.12)
(/usr/local/texlive/2011/texmf-dist/tex/latex/pgf/basiclayer/pgfcore.sty
(/usr/local/texlive/2011/texmf-dist/tex/latex/pgf/systemlayer/pgfsys.sty
(/usr/local/texlive/2011/texmf-dist/tex/generic/pgf/systemlayer/pgfsys.code.tex
Package: pgfsys 2010/06/30 v2.10 (rcs-revision 1.37)
(/usr/local/texlive/2011/texmf-dist/tex/generic/pgf/utilities/pgfkeys.code.tex
\pgfkeys@pathtoks=\toks40
\pgfkeys@temptoks=\toks41

(/usr/local/texlive/2011/texmf-dist/tex/generic/pgf/utilities/pgfkeysfiltered.c
ode.tex
\pgfkeys@tmptoks=\toks42
))
\pgf@x=\dimen155
\pgf@y=\dimen156
\pgf@xa=\dimen157
\pgf@ya=\dimen158
\pgf@xb=\dimen159
\pgf@yb=\dimen160
\pgf@xc=\dimen161
\pgf@yc=\dimen162
\w@pgf@writea=\write4
\r@pgf@reada=\read1
\c@pgf@counta=\count125
\c@pgf@countb=\count126
\c@pgf@countc=\count127
\c@pgf@countd=\count128

(/usr/local/texlive/2011/texmf-dist/tex/generic/pgf/systemlayer/pgf.cfg
File: pgf.cfg 2008/05/14  (rcs-revision 1.7)
)
Package pgfsys Info: Driver file for pgf: pgfsys-pdftex.def on input line 900.

(/usr/local/texlive/2011/texmf-dist/tex/generic/pgf/systemlayer/pgfsys-pdftex.d
ef
File: pgfsys-pdftex.def 2009/05/22  (rcs-revision 1.26)

(/usr/local/texlive/2011/texmf-dist/tex/generic/pgf/systemlayer/pgfsys-common-p
df.def
File: pgfsys-common-pdf.def 2008/05/19  (rcs-revision 1.10)
)))
(/usr/local/texlive/2011/texmf-dist/tex/generic/pgf/systemlayer/pgfsyssoftpath.
code.tex
File: pgfsyssoftpath.code.tex 2008/07/18  (rcs-revision 1.7)
\pgfsyssoftpath@smallbuffer@items=\count129
\pgfsyssoftpath@bigbuffer@items=\count130
)
(/usr/local/texlive/2011/texmf-dist/tex/generic/pgf/systemlayer/pgfsysprotocol.
code.tex
File: pgfsysprotocol.code.tex 2006/10/16  (rcs-revision 1.4)
))
(/usr/local/texlive/2011/texmf-dist/tex/generic/pgf/basiclayer/pgfcore.code.tex
Package: pgfcore 2010/04/11 v2.10 (rcs-revision 1.7)
(/usr/local/texlive/2011/texmf-dist/tex/generic/pgf/math/pgfmath.code.tex
(/usr/local/texlive/2011/texmf-dist/tex/generic/pgf/math/pgfmathcalc.code.tex
(/usr/local/texlive/2011/texmf-dist/tex/generic/pgf/math/pgfmathutil.code.tex)
(/usr/local/texlive/2011/texmf-dist/tex/generic/pgf/math/pgfmathparser.code.tex
\pgfmath@dimen=\dimen163
\pgfmath@count=\count131
\pgfmath@box=\box42
\pgfmath@toks=\toks43
\pgfmath@stack@operand=\toks44
\pgfmath@stack@operation=\toks45
)
(/usr/local/texlive/2011/texmf-dist/tex/generic/pgf/math/pgfmathfunctions.code.
tex
(/usr/local/texlive/2011/texmf-dist/tex/generic/pgf/math/pgfmathfunctions.basic
.code.tex)
(/usr/local/texlive/2011/texmf-dist/tex/generic/pgf/math/pgfmathfunctions.trigo
nometric.code.tex)
(/usr/local/texlive/2011/texmf-dist/tex/generic/pgf/math/pgfmathfunctions.rando
m.code.tex)
(/usr/local/texlive/2011/texmf-dist/tex/generic/pgf/math/pgfmathfunctions.compa
rison.code.tex)
(/usr/local/texlive/2011/texmf-dist/tex/generic/pgf/math/pgfmathfunctions.base.
code.tex)
(/usr/local/texlive/2011/texmf-dist/tex/generic/pgf/math/pgfmathfunctions.round
.code.tex)
(/usr/local/texlive/2011/texmf-dist/tex/generic/pgf/math/pgfmathfunctions.misc.
code.tex)))
(/usr/local/texlive/2011/texmf-dist/tex/generic/pgf/math/pgfmathfloat.code.tex
\c@pgfmathroundto@lastzeros=\count132
))
(/usr/local/texlive/2011/texmf-dist/tex/generic/pgf/basiclayer/pgfcorepoints.co
de.tex
File: pgfcorepoints.code.tex 2010/04/09  (rcs-revision 1.20)
\pgf@picminx=\dimen164
\pgf@picmaxx=\dimen165
\pgf@picminy=\dimen166
\pgf@picmaxy=\dimen167
\pgf@pathminx=\dimen168
\pgf@pathmaxx=\dimen169
\pgf@pathminy=\dimen170
\pgf@pathmaxy=\dimen171
\pgf@xx=\dimen172
\pgf@xy=\dimen173
\pgf@yx=\dimen174
\pgf@yy=\dimen175
\pgf@zx=\dimen176
\pgf@zy=\dimen177
)
(/usr/local/texlive/2011/texmf-dist/tex/generic/pgf/basiclayer/pgfcorepathconst
ruct.code.tex
File: pgfcorepathconstruct.code.tex 2010/08/03  (rcs-revision 1.24)
\pgf@path@lastx=\dimen178
\pgf@path@lasty=\dimen179
)
(/usr/local/texlive/2011/texmf-dist/tex/generic/pgf/basiclayer/pgfcorepathusage
.code.tex
File: pgfcorepathusage.code.tex 2008/04/22  (rcs-revision 1.12)
\pgf@shorten@end@additional=\dimen180
\pgf@shorten@start@additional=\dimen181
)
(/usr/local/texlive/2011/texmf-dist/tex/generic/pgf/basiclayer/pgfcorescopes.co
de.tex
File: pgfcorescopes.code.tex 2010/09/08  (rcs-revision 1.34)
\pgfpic=\box43
\pgf@hbox=\box44
\pgf@layerbox@main=\box45
\pgf@picture@serial@count=\count133
)
(/usr/local/texlive/2011/texmf-dist/tex/generic/pgf/basiclayer/pgfcoregraphicst
ate.code.tex
File: pgfcoregraphicstate.code.tex 2008/04/22  (rcs-revision 1.9)
\pgflinewidth=\dimen182
)
(/usr/local/texlive/2011/texmf-dist/tex/generic/pgf/basiclayer/pgfcoretransform
ations.code.tex
File: pgfcoretransformations.code.tex 2009/06/10  (rcs-revision 1.11)
\pgf@pt@x=\dimen183
\pgf@pt@y=\dimen184
\pgf@pt@temp=\dimen185
)
(/usr/local/texlive/2011/texmf-dist/tex/generic/pgf/basiclayer/pgfcorequick.cod
e.tex
File: pgfcorequick.code.tex 2008/10/09  (rcs-revision 1.3)
)
(/usr/local/texlive/2011/texmf-dist/tex/generic/pgf/basiclayer/pgfcoreobjects.c
ode.tex
File: pgfcoreobjects.code.tex 2006/10/11  (rcs-revision 1.2)
)
(/usr/local/texlive/2011/texmf-dist/tex/generic/pgf/basiclayer/pgfcorepathproce
ssing.code.tex
File: pgfcorepathprocessing.code.tex 2008/10/09  (rcs-revision 1.8)
)
(/usr/local/texlive/2011/texmf-dist/tex/generic/pgf/basiclayer/pgfcorearrows.co
de.tex
File: pgfcorearrows.code.tex 2008/04/23  (rcs-revision 1.11)
)
(/usr/local/texlive/2011/texmf-dist/tex/generic/pgf/basiclayer/pgfcoreshade.cod
e.tex
File: pgfcoreshade.code.tex 2008/11/23  (rcs-revision 1.13)
\pgf@max=\dimen186
\pgf@sys@shading@range@num=\count134
)
(/usr/local/texlive/2011/texmf-dist/tex/generic/pgf/basiclayer/pgfcoreimage.cod
e.tex
File: pgfcoreimage.code.tex 2010/03/25  (rcs-revision 1.16)

(/usr/local/texlive/2011/texmf-dist/tex/generic/pgf/basiclayer/pgfcoreexternal.
code.tex
File: pgfcoreexternal.code.tex 2010/09/01  (rcs-revision 1.17)
\pgfexternal@startupbox=\box46
))
(/usr/local/texlive/2011/texmf-dist/tex/generic/pgf/basiclayer/pgfcorelayers.co
de.tex
File: pgfcorelayers.code.tex 2010/08/27  (rcs-revision 1.2)
)
(/usr/local/texlive/2011/texmf-dist/tex/generic/pgf/basiclayer/pgfcoretranspare
ncy.code.tex
File: pgfcoretransparency.code.tex 2008/01/17  (rcs-revision 1.2)
)
(/usr/local/texlive/2011/texmf-dist/tex/generic/pgf/basiclayer/pgfcorepatterns.
code.tex
File: pgfcorepatterns.code.tex 2009/07/02  (rcs-revision 1.3)
)))
(/usr/local/texlive/2011/texmf-dist/tex/generic/pgf/modules/pgfmoduleshapes.cod
e.tex
File: pgfmoduleshapes.code.tex 2010/09/09  (rcs-revision 1.13)
\pgfnodeparttextbox=\box47
)
(/usr/local/texlive/2011/texmf-dist/tex/generic/pgf/modules/pgfmoduleplot.code.
tex
File: pgfmoduleplot.code.tex 2010/10/22  (rcs-revision 1.8)
)
(/usr/local/texlive/2011/texmf-dist/tex/latex/pgf/compatibility/pgfcomp-version
-0-65.sty
Package: pgfcomp-version-0-65 2007/07/03 v2.10 (rcs-revision 1.7)
\pgf@nodesepstart=\dimen187
\pgf@nodesepend=\dimen188
)
(/usr/local/texlive/2011/texmf-dist/tex/latex/pgf/compatibility/pgfcomp-version
-1-18.sty
Package: pgfcomp-version-1-18 2007/07/23 v2.10 (rcs-revision 1.1)
))
(/usr/local/texlive/2011/texmf-dist/tex/latex/pgf/utilities/pgffor.sty
(/usr/local/texlive/2011/texmf-dist/tex/latex/pgf/utilities/pgfkeys.sty
(/usr/local/texlive/2011/texmf-dist/tex/generic/pgf/utilities/pgfkeys.code.tex)
) (/usr/local/texlive/2011/texmf-dist/tex/generic/pgf/utilities/pgffor.code.tex
Package: pgffor 2010/03/23 v2.10 (rcs-revision 1.18)
\pgffor@iter=\dimen189
\pgffor@skip=\dimen190
\pgffor@stack=\toks46
\pgffor@toks=\toks47
))
(/usr/local/texlive/2011/texmf-dist/tex/generic/pgf/frontendlayer/tikz/tikz.cod
e.tex
Package: tikz 2010/10/13 v2.10 (rcs-revision 1.76)

(/usr/local/texlive/2011/texmf-dist/tex/generic/pgf/libraries/pgflibraryplothan
dlers.code.tex
File: pgflibraryplothandlers.code.tex 2010/05/31 v2.10 (rcs-revision 1.15)
\pgf@plot@mark@count=\count135
\pgfplotmarksize=\dimen191
)
\tikz@lastx=\dimen192
\tikz@lasty=\dimen193
\tikz@lastxsaved=\dimen194
\tikz@lastysaved=\dimen195
\tikzleveldistance=\dimen196
\tikzsiblingdistance=\dimen197
\tikz@figbox=\box48
\tikz@tempbox=\box49
\tikztreelevel=\count136
\tikznumberofchildren=\count137
\tikznumberofcurrentchild=\count138
\tikz@fig@count=\count139

(/usr/local/texlive/2011/texmf-dist/tex/generic/pgf/modules/pgfmodulematrix.cod
e.tex
File: pgfmodulematrix.code.tex 2010/08/24  (rcs-revision 1.4)
\pgfmatrixcurrentrow=\count140
\pgfmatrixcurrentcolumn=\count141
\pgf@matrix@numberofcolumns=\count142
)
\tikz@expandcount=\count143

(/usr/local/texlive/2011/texmf-dist/tex/generic/pgf/frontendlayer/tikz/librarie
s/tikzlibrarytopaths.code.tex
File: tikzlibrarytopaths.code.tex 2008/06/17 v2.10 (rcs-revision 1.2)
)))
(/usr/local/texlive/2011/texmf-dist/tex/latex/caption/caption.sty
Package: caption 2010/01/09 v3.1m Customizing captions (AR)

(/usr/local/texlive/2011/texmf-dist/tex/latex/caption/caption3.sty
Package: caption3 2010/01/14 v3.1m caption3 kernel (AR)
\captionmargin=\dimen198
\captionmargin@=\dimen199
\captionwidth=\dimen200
\caption@indent=\dimen201
\caption@parindent=\dimen202
\caption@hangindent=\dimen203
)
\c@ContinuedFloat=\count144
Package caption Info: float package is loaded.
Package caption Info: listings package is loaded.
Package caption Info: sidecap package is loaded.
Package caption Info: wrapfig package is loaded.
)
(/usr/local/texlive/2011/texmf-dist/tex/generic/pgf/frontendlayer/tikz/librarie
s/tikzlibrarymindmap.code.tex
File: tikzlibrarymindmap.code.tex 2009/11/12 v2.10 (rcs-revision 1.9)

(/usr/local/texlive/2011/texmf-dist/tex/generic/pgf/frontendlayer/tikz/librarie
s/tikzlibrarytrees.code.tex
File: tikzlibrarytrees.code.tex 2008/02/24 v2.10 (rcs-revision 1.2)
)
(/usr/local/texlive/2011/texmf-dist/tex/generic/pgf/frontendlayer/tikz/librarie
s/tikzlibrarydecorations.code.tex
(/usr/local/texlive/2011/texmf-dist/tex/generic/pgf/modules/pgfmoduledecoration
s.code.tex
\pgfdecoratedcompleteddistance=\dimen204
\pgfdecoratedremainingdistance=\dimen205
\pgfdecoratedinputsegmentcompleteddistance=\dimen206
\pgfdecoratedinputsegmentremainingdistance=\dimen207
\pgf@decorate@distancetomove=\dimen208
\pgf@decorate@repeatstate=\count145
\pgfdecorationsegmentamplitude=\dimen209
\pgfdecorationsegmentlength=\dimen210
)
\tikz@lib@dec@box=\box50
))
(/usr/local/texlive/2011/texmf-dist/tex/latex/datetime/datetime.sty
Package: datetime 2010/09/21 v2.58 Date Time Package

(/usr/local/texlive/2011/texmf-dist/tex/latex/fmtcount/fmtcount.sty
Package: fmtcount 2009/10/02 v1.31
\c@padzeroesN=\count146

(/usr/local/texlive/2011/texmf-dist/tex/latex/fmtcount/fc-english.def
File: fc-english 2007/05/26
)
(/usr/local/texlive/2011/texmf-dist/tex/latex/fmtcount/fc-UKenglish.def
File: fc-UKenglish 2007/06/14
)
(/usr/local/texlive/2011/texmf-dist/tex/latex/fmtcount/fc-british.def
File: fc-british 2007/06/14
)
(/usr/local/texlive/2011/texmf-dist/tex/latex/fmtcount/fc-USenglish.def
File: fc-USenglish 2007/06/14
)
(/usr/local/texlive/2011/texmf-dist/tex/latex/fmtcount/fc-spanish.def
File: fc-spanish.def 2007/05/26
)
(/usr/local/texlive/2011/texmf-dist/tex/latex/fmtcount/fc-portuges.def
File: fc-portuges.def 2007/05/26
)
(/usr/local/texlive/2011/texmf-dist/tex/latex/fmtcount/fc-french.def
File: fc-french.def 2007/05/26
)
(/usr/local/texlive/2011/texmf-dist/tex/latex/fmtcount/fc-german.def
File: fc-german.def 2007/06/14
)
(/usr/local/texlive/2011/texmf-dist/tex/latex/fmtcount/fc-italian.def
File: fc-italian.def 2009/10/02 Italian support for fmtcount (Edoardo Pasca)
)
No configuration file fmtcount.cfg found.
\@DT@modctr=\count147
\@ordinalctr=\count148
\@orgargctr=\count149
\@strctr=\count150
\@tmpstrctr=\count151
\@DT@loopN=\count152
\@DT@X=\count153
)
\@day=\count154
\@month=\count155
\@year=\count156
\c@HOUR=\count157
\c@HOURXII=\count158
\c@MINUTE=\count159
\c@TOHOUR=\count160
\c@TOMINUTE=\count161
\c@SECOND=\count162
\currenthour=\count163
\currentminute=\count164
\currentsecond=\count165
Package datetime Info: No datetime.cfg file found, using default settings on in
put line 292.
 (/usr/local/texlive/2011/texmf-dist/tex/latex/datetime/dt-UKenglish.def
File: dt-UKenglish.def 2010/07/07
)
\@dtctr=\count166
\dayofyear=\count167
\dayofweek=\count168
LaTeX Info: Redefining \today on input line 724.
\dt@a=\toks48
\dt@b=\toks49
)
(/usr/local/texlive/2011/texmf-dist/tex/latex/acronym/acronym.sty
Package: acronym 2010/09/08 v1.36 Support for acronyms (Tobias Oetiker)

(/usr/local/texlive/2011/texmf-dist/tex/latex/bigfoot/suffix.sty
Package: suffix 2006/07/15 1.5 Variant command support
)
\AC@clearlist=\toks50
)
(/usr/local/texlive/2011/texmf-dist/tex/latex/algorithm2e/algorithm2e.sty
Package: algorithm2e 2008/00/00 v3.10 algorithms environments
\c@AlgoLine=\count169

(/usr/local/texlive/2011/texmf-dist/tex/latex/relsize/relsize.sty
Package: relsize 2003/07/04 ver 3.1
)
********************************************************
Package `algorithm2e' Release 4.01 -- december 14 2009 --
- algorithm2e-announce@lirmm.fr mailing list for announcement about releases
- algorithm2e-discussion@lirmm.fr mailing list for discussion about package
subscribe by emailing sympa@lirmm.fr with 'subscribe <list> <firstname name>'
- Author: Christophe Fiorio (fiorio@lirmm.fr)
********************************************************
\skiptotal=\skip99
\skiplinenumber=\skip100
\skiprule=\skip101
\skiphlne=\skip102
\skiptext=\skip103
\skiplength=\skip104
\algomargin=\skip105
\skipalgocfslide=\skip106
\algowidth=\dimen211
\inoutsize=\dimen212
\inoutline=\dimen213
\interspacetitleruled=\dimen214
\interspacealgoruled=\dimen215
\interspacetitleboxruled=\dimen216
\algocf@inoutbox=\box51
\algocf@inputbox=\box52
\AlCapSkip=\skip107
\AlCapHSkip=\skip108
\algocf@nlbox=\box53
\algocf@hangingbox=\box54
\algocf@capbox=\box55
\algoheightruledefault=\skip109
\algoheightrule=\skip110
\algotitleheightruledefault=\skip111
\algotitleheightrule=\skip112
\c@algocfline=\count170
\c@algocfproc=\count171
\c@algocf=\count172
\algocf@algoframe=\box56
\algocf@algobox=\box57
) (/usr/local/texlive/2011/texmf-dist/tex/latex/algorithms/algorithmic.sty
Package: algorithmic 2009/08/24 v0.1 Document Style `algorithmic'
\c@ALC@unique=\count173
\c@ALC@line=\count174
\c@ALC@rem=\count175
\c@ALC@depth=\count176
\ALC@tlm=\skip113
\algorithmicindent=\skip114
)
(/usr/local/texlive/2011/texmf-dist/tex/latex/caption/subcaption.sty
Package: subcaption 2008/08/31 v1.0b Adding subcaptions (AR)
\c@subfigure=\count177
\c@subtable=\count178
)

Package Fancyhdr Warning: \fancyhead's `E' option without twoside option is use
less on input line 66.


Package Fancyhdr Warning: \fancyhead's `E' option without twoside option is use
less on input line 67.


(/usr/local/texlive/2011/texmf-dist/tex/generic/pgf/frontendlayer/tikz/librarie
s/tikzlibraryshadows.code.tex
File: tikzlibraryshadows.code.tex 2008/01/13 v2.10 (rcs-revision 1.3)

(/usr/local/texlive/2011/texmf-dist/tex/generic/pgf/frontendlayer/tikz/librarie
s/tikzlibraryfadings.code.tex
File: tikzlibraryfadings.code.tex 2009/11/15 v2.10 (rcs-revision 1.2)

(/usr/local/texlive/2011/texmf-dist/tex/generic/pgf/libraries/pgflibraryfadings
.code.tex
File: pgflibraryfadings.code.tex 2008/02/07 v2.10 (rcs-revision 1.3)
)))
(/usr/local/texlive/2011/texmf-dist/tex/generic/pgf/frontendlayer/tikz/librarie
s/tikzlibraryarrows.code.tex
File: tikzlibraryarrows.code.tex 2008/01/09 v2.10 (rcs-revision 1.1)

(/usr/local/texlive/2011/texmf-dist/tex/generic/pgf/libraries/pgflibraryarrows.
code.tex
File: pgflibraryarrows.code.tex 2008/10/27 v2.10 (rcs-revision 1.9)
\arrowsize=\dimen217
))
(/usr/local/texlive/2011/texmf-dist/tex/generic/pgf/frontendlayer/tikz/librarie
s/tikzlibrarypositioning.code.tex
File: tikzlibrarypositioning.code.tex 2008/10/06 v2.10 (rcs-revision 1.7)
)
\pgf@layerbox@background=\box58
\pgf@layerboxsaved@background=\box59
\pgf@layerbox@foreground=\box60
\pgf@layerboxsaved@foreground=\box61

(/usr/local/texlive/2011/texmf-dist/tex/generic/pgf/libraries/decorations/pgfli
brarydecorations.pathmorphing.code.tex) (./MRes_Indivi_Proj.aux

LaTeX Warning: Label `Coeffient1' multiply defined.


LaTeX Warning: Label `relation-force_drag' multiply defined.


LaTeX Warning: Label `total_force_torque' multiply defined.


LaTeX Warning: Label `Oseen' multiply defined.


LaTeX Warning: Label `total_force_torque' multiply defined.


LaTeX Warning: Label `simulation' multiply defined.

)
\openout1 = `MRes_Indivi_Proj.aux'.

LaTeX Font Info:    Checking defaults for OML/cmm/m/it on input line 239.
LaTeX Font Info:    ... okay on input line 239.
LaTeX Font Info:    Checking defaults for T1/cmr/m/n on input line 239.
LaTeX Font Info:    ... okay on input line 239.
LaTeX Font Info:    Checking defaults for OT1/cmr/m/n on input line 239.
LaTeX Font Info:    ... okay on input line 239.
LaTeX Font Info:    Checking defaults for OMS/cmsy/m/n on input line 239.
LaTeX Font Info:    ... okay on input line 239.
LaTeX Font Info:    Checking defaults for OMX/cmex/m/n on input line 239.
LaTeX Font Info:    ... okay on input line 239.
LaTeX Font Info:    Checking defaults for U/cmr/m/n on input line 239.
LaTeX Font Info:    ... okay on input line 239.
 (/usr/local/texlive/2011/texmf-dist/tex/latex/ucs/ucsencs.def
File: ucsencs.def 2003/11/29 Fixes to fontencodings LGR, T3
)
\c@lstlisting=\count179

(/usr/local/texlive/2011/texmf-dist/tex/context/base/supp-pdf.mkii
[Loading MPS to PDF converter (version 2006.09.02).]
\scratchcounter=\count180
\scratchdimen=\dimen218
\scratchbox=\box62
\nofMPsegments=\count181
\nofMParguments=\count182
\everyMPshowfont=\toks51
\MPscratchCnt=\count183
\MPscratchDim=\dimen219
\MPnumerator=\count184
\makeMPintoPDFobject=\count185
\everyMPtoPDFconversion=\toks52
) (/usr/local/texlive/2011/texmf-dist/tex/generic/oberdiek/pdftexcmds.sty
Package: pdftexcmds 2011/04/22 v0.16 Utilities of pdfTeX for LuaTeX (HO)

(/usr/local/texlive/2011/texmf-dist/tex/generic/oberdiek/ifluatex.sty
Package: ifluatex 2010/03/01 v1.3 Provides the ifluatex switch (HO)
Package ifluatex Info: LuaTeX not detected.
)
Package pdftexcmds Info: LuaTeX not detected.
Package pdftexcmds Info: \pdf@primitive is available.
Package pdftexcmds Info: \pdf@ifprimitive is available.
Package pdftexcmds Info: \pdfdraftmode found.
)
(/usr/local/texlive/2011/texmf-dist/tex/latex/oberdiek/epstopdf-base.sty
Package: epstopdf-base 2010/02/09 v2.5 Base part for package epstopdf

(/usr/local/texlive/2011/texmf-dist/tex/latex/oberdiek/grfext.sty
Package: grfext 2010/08/19 v1.1 Managing graphics extensions (HO)

(/usr/local/texlive/2011/texmf-dist/tex/generic/oberdiek/kvdefinekeys.sty
Package: kvdefinekeys 2011/04/07 v1.3 Defining keys (HO)
))
(/usr/local/texlive/2011/texmf-dist/tex/latex/oberdiek/kvoptions.sty
Package: kvoptions 2010/12/23 v3.10 Keyval support for LaTeX options (HO)

(/usr/local/texlive/2011/texmf-dist/tex/generic/oberdiek/kvsetkeys.sty
Package: kvsetkeys 2011/04/07 v1.13 Key value parser (HO)

(/usr/local/texlive/2011/texmf-dist/tex/generic/oberdiek/etexcmds.sty
Package: etexcmds 2011/02/16 v1.5 Prefix for e-TeX command names (HO)
Package etexcmds Info: Could not find \expanded.
(etexcmds)             That can mean that you are not using pdfTeX 1.50 or
(etexcmds)             that some package has redefined \expanded.
(etexcmds)             In the latter case, load this package earlier.
)))
Package grfext Info: Graphics extension search list:
(grfext)             [.png,.pdf,.jpg,.mps,.jpeg,.jbig2,.jb2,.PNG,.PDF,.JPG,.JPE
G,.JBIG2,.JB2,.eps]
(grfext)             \AppendGraphicsExtensions on input line 452.

(/usr/local/texlive/2011/texmf-dist/tex/latex/latexconfig/epstopdf-sys.cfg
File: epstopdf-sys.cfg 2010/07/13 v1.3 Configuration of (r)epstopdf for TeX Liv
e
))
(/usr/local/texlive/2011/texmf-dist/tex/latex/ms/ragged2e.sty
Package: ragged2e 2009/05/21 v2.1 ragged2e Package (MS)

(/usr/local/texlive/2011/texmf-dist/tex/latex/ms/everysel.sty
Package: everysel 2009/05/30 v1.1 EverySelectfont Package (MS)
LaTeX Info: Redefining \selectfont on input line 117.
)
\CenteringLeftskip=\skip115
\RaggedLeftLeftskip=\skip116
\RaggedRightLeftskip=\skip117
\CenteringRightskip=\skip118
\RaggedLeftRightskip=\skip119
\RaggedRightRightskip=\skip120
\CenteringParfillskip=\skip121
\RaggedLeftParfillskip=\skip122
\RaggedRightParfillskip=\skip123
\JustifyingParfillskip=\skip124
\CenteringParindent=\skip125
\RaggedLeftParindent=\skip126
\RaggedRightParindent=\skip127
\JustifyingParindent=\skip128
)
*geometry* driver: auto-detecting
*geometry* detected driver: pdftex
*geometry* verbose mode - [ preamble ] result:
* driver: pdftex
* paper: a4paper
* layout: <same size as paper>
* layoutoffset:(h,v)=(0.0pt,0.0pt)
* modes: 
* h-part:(L,W,R)=(99.58464pt, 426.79135pt, 71.13188pt)
* v-part:(T,H,B)=(71.13188pt, 702.78308pt, 71.13188pt)
* \paperwidth=597.50787pt
* \paperheight=845.04684pt
* \textwidth=455.2441pt
* \textheight=702.78308pt
* \oddsidemargin=27.31465pt
* \evensidemargin=27.31465pt
* \topmargin=-38.1381pt
* \headheight=18.0pt
* \headsep=25.0pt
* \topskip=12.0pt
* \footskip=30.0pt
* \marginparwidth=35.0pt
* \marginparsep=10.0pt
* \columnsep=10.0pt
* \skip\footins=10.8pt plus 4.0pt minus 2.0pt
* \hoffset=-28.45274pt
* \voffset=0.0pt
* \mag=1000
* \@twocolumnfalse
* \@twosidefalse
* \@mparswitchfalse
* \@reversemarginfalse
* (1in=72.27pt=25.4mm, 1cm=28.453pt)

ABD: EveryShipout initializing macros
Package caption Info: Begin \AtBeginDocument code.
Package caption Info: End \AtBeginDocument code.

<logo.jpg, id=22, 564.60938pt x 148.30406pt>
File: logo.jpg Graphic file (type jpg)
 <use logo.jpg>
Package pdftex.def Info: logo.jpg used on input line 257.
(pdftex.def)             Requested size: 182.09485pt x 47.82938pt.
 [1

{/usr/local/texlive/2011/texmf-var/fonts/map/pdftex/updmap/pdftex.map} <./logo.
jpg>] [1

]
(./MRes_Indivi_Proj.toc
LaTeX Font Info:    Try loading font information for U+msa on input line 2.

(/usr/local/texlive/2011/texmf-dist/tex/latex/amsfonts/umsa.fd
File: umsa.fd 2009/06/22 v3.00 AMS symbols A
)
LaTeX Font Info:    Try loading font information for U+msb on input line 2.

(/usr/local/texlive/2011/texmf-dist/tex/latex/amsfonts/umsb.fd
File: umsb.fd 2009/06/22 v3.00 AMS symbols B
)
Package acronym Info: Label `acro:SEM' newly defined as it shall be overridden
although it is yet undefined on input line 24.
)
\tf@toc=\write5
\openout5 = `MRes_Indivi_Proj.toc'.

 [2]
(./MRes_Indivi_Proj.lof [3]
Package acronym Info: Label `acro:RSM' newly defined as it shall be overridden
although it is yet undefined on input line 22.
Package acronym Info: Label `acro:SBT' newly defined as it shall be overridden
although it is yet undefined on input line 22.
)
\tf@lof=\write6
\openout6 = `MRes_Indivi_Proj.lof'.

 [4] (./MRes_Indivi_Proj.lot)
\tf@lot=\write7
\openout7 = `MRes_Indivi_Proj.lot'.

 [4] [5

] [6]
Chapter 1.
Package acronym Info: Label `acro:RFT' newly defined as it shall be overridden
although it is yet undefined on input line 439.

Overfull \hbox (20.79776pt too wide) in paragraph at lines 510--511
 [][] 
 []

[1

]
Overfull \hbox (6.03658pt too wide) in paragraph at lines 587--589
\T1/cmr/m/n/12 func-tion-al-ity em-ployed for mo-tion gen-er-a-tion in ar-ti-fi
-cial mi-cro-robots (Fig-ure 1.2[])  [[]]. 
 []

<cilia.png, id=64, 492.84125pt x 201.75375pt>
File: cilia.png Graphic file (type png)
 <use cilia.png>
Package pdftex.def Info: cilia.png used on input line 594.
(pdftex.def)             Requested size: 409.7169pt x 167.73262pt.
 [2] [3]
<10.png, id=73, 299.1175pt x 219.82124pt>
File: 10.png Graphic file (type png)
 <use 10.png>
Package pdftex.def Info: 10.png used on input line 608.
(pdftex.def)             Requested size: 227.62204pt x 167.28053pt.
 [4 <./cilia.png> <./10.png>] <HelixShapes.png, id=78, 155.58125pt x 318.18875p
t>
File: HelixShapes.png Graphic file (type png)
 <use HelixShapes.png>
Package pdftex.def Info: HelixShapes.png used on input line 652.
(pdftex.def)             Requested size: 182.09485pt x 372.41527pt.

Underfull \hbox (badness 1077) in paragraph at lines 653--653
[]\T1/cmr/m/n/12 Figure 1.4: |Three de-sign of he-li-cal mi-
 []

[5 <./HelixShapes.png>] <11.png, id=83, 466.74374pt x 147.55125pt>
File: 11.png Graphic file (type png)

<use 11.png>
Package pdftex.def Info: 11.png used on input line 701.
(pdftex.def)             Requested size: 409.7169pt x 129.52803pt.
 <7.png, id=84, 273.02pt x 329.23pt>
File: 7.png Graphic file (type png)
 <use 7.png>
Package pdftex.def Info: 7.png used on input line 738.
(pdftex.def)             Requested size: 227.62204pt x 274.48659pt.
 [6 <./11.png>]
Package acronym Info: Label `acro:MPC' newly defined as it shall be overridden
although it is yet undefined on input line 776.

[7 <./7.png>] <8.png, id=94, 424.58624pt x 262.9825pt>
File: 8.png Graphic file (type png)
 <use 8.png>
Package pdftex.def Info: 8.png used on input line 805.
(pdftex.def)             Requested size: 318.66946pt x 197.38885pt.

<nanoJet3.png, id=95, 286.06876pt x 212.795pt>
File: nanoJet3.png Graphic file (type png)
 <use nanoJet3.png>
Package pdftex.def Info: nanoJet3.png used on input line 821.
(pdftex.def)             Requested size: 227.62204pt x 169.32056pt.

Underfull \hbox (badness 1158) in paragraph at lines 831--835
\T1/cmr/m/n/12 into two cat-e-gories; torque driven mi-
 []


Underfull \hbox (badness 1389) in paragraph at lines 831--835
\T1/cmr/m/n/12 cro-robot and force driven mi-cro-robots.
 []

[8 <./8.png> <./nanoJet3.png>] <plants.png, id=99, 562.1pt x 250.9375pt>
File: plants.png Graphic file (type png)

<use plants.png>
Package pdftex.def Info: plants.png used on input line 864.
(pdftex.def)             Requested size: 409.7169pt x 182.90715pt.
 [9 <./plants.png>]
<plants2.png, id=103, 455.7025pt x 362.35374pt>
File: plants2.png Graphic file (type png)
 <use plants2.png>
Package pdftex.def Info: plants2.png used on input line 897.
(pdftex.def)             Requested size: 227.62204pt x 180.9995pt.
 [10 <./plants2.png>] <tempreture.png, id=107, 380.42125pt x 293.095pt>
File: tempreture.png Graphic file (type png)
 <use tempreture.png>
Package pdftex.def Info: tempreture.png used on input line 996.
(pdftex.def)             Requested size: 318.66946pt x 245.52727pt.

[11]
Underfull \hbox (badness 10000) in paragraph at lines 1080--1080
[]|\T1/cmr/m/n/12 propulsion
 []

<screw_ta.png, id=113, 87.32625pt x 78.2925pt>
File: screw_ta.png Graphic file (type png)
 <use screw_ta.png>
Package pdftex.def Info: screw_ta.png used on input line 1085.
(pdftex.def)             Requested size: 136.59483pt x 71.13397pt.
LaTeX Font Info:    Try loading font information for OMS+cmr on input line 1090
.

(/usr/local/texlive/2011/texmf-dist/tex/latex/base/omscmr.fd
File: omscmr.fd 1999/05/25 v2.5h Standard LaTeX font definitions
)
LaTeX Font Info:    Font shape `OMS/cmr/m/n' in size <12> not available
(Font)              Font shape `OMS/cmsy/m/n' tried instead on input line 1090.


Underfull \hbox (badness 10000) in paragraph at lines 1090--1091
[]\T1/cmr/m/n/12 Helical
 []


Underfull \hbox (badness 10000) in paragraph at lines 1090--1091
\T1/cmr/m/n/12 Screw
 []


Overfull \hbox (14.22638pt too wide) in paragraph at lines 1088--1094
[]|[]| 
 []


Underfull \hbox (badness 10000) in paragraph at lines 1097--1098
[]\T1/cmr/m/n/12 Direct Laser
 []


Underfull \hbox (badness 10000) in paragraph at lines 1098--1099
[]\T1/cmr/m/n/12 Two-photon
 []


Overfull \hbox (28.45276pt too wide) in paragraph at lines 1111--1117
[]|[]| 
 []

<helical_rigid_tail.png, id=114, 123.46124pt x 62.2325pt>
File: helical_rigid_tail.png Graphic file (type png)

<use helical_rigid_tail.png>
Package pdftex.def Info: helical_rigid_tail.png used on input line 1121.
(pdftex.def)             Requested size: 136.58203pt x 71.13759pt.

Underfull \hbox (badness 10000) in paragraph at lines 1126--1127
[]\T1/cmr/m/n/12 Helical
 []


Overfull \hbox (14.22638pt too wide) in paragraph at lines 1124--1130
[]|[]| 
 []


Underfull \hbox (badness 10000) in paragraph at lines 1134--1135
[]\T1/cmr/m/n/12 Direct Laser
 []


Underfull \hbox (badness 10000) in paragraph at lines 1135--1136
[]\T1/cmr/m/n/12 Two-photon
 []

<Planar_flexible_tail.png, id=115, 127.47626pt x 92.345pt>
File: Planar_flexible_tail.png Graphic file (type png)

<use Planar_flexible_tail.png>
Package pdftex.def Info: Planar_flexible_tail.png used on input line 1160.
(pdftex.def)             Requested size: 136.58107pt x 71.13263pt.

Underfull \hbox (badness 10000) in paragraph at lines 1165--1166
[]\T1/cmr/m/n/12 Planar
 []


Underfull \hbox (badness 10000) in paragraph at lines 1165--1166
\T1/cmr/m/n/12 flex-i-ble
 []


Overfull \hbox (14.22638pt too wide) in paragraph at lines 1163--1169
[]|[]| 
 []


Underfull \hbox (badness 2334) in paragraph at lines 1172--1173
[]\T1/cmr/m/n/12 The EMA coil
 []

<cilia-shape.png, id=116, 156.585pt x 99.37125pt>
File: cilia-shape.png Graphic file (type png)
 <use cilia-shape.png>
Package pdftex.def Info: cilia-shape.png used on input line 1195.
(pdftex.def)             Requested size: 136.57907pt x 71.13329pt.

Overfull \hbox (14.22638pt too wide) in paragraph at lines 1198--1204
[]|[]| 
 []


Underfull \hbox (badness 1038) in paragraph at lines 1207--1208
[]\T1/cmr/m/n/12 The EMA
 []


Overfull \hbox (28.45276pt too wide) in paragraph at lines 1212--1219
[]|[] 
 []


Overfull \hbox (28.45276pt too wide) in paragraph at lines 1221--1227
[]|[]| 
 []

<tube_ta.png, id=117, 74.2775pt x 88.33pt>
File: tube_ta.png Graphic file (type png)
 <use tube_ta.png>
Package pdftex.def Info: tube_ta.png used on input line 1233.
(pdftex.def)             Requested size: 136.59517pt x 71.13312pt.

Overfull \hbox (14.22638pt too wide) in paragraph at lines 1236--1242
[]|[]| 
 []

<plant_ta.png, id=118, 104.39pt x 84.315pt>
File: plant_ta.png Graphic file (type png)
 <use plant_ta.png>
Package pdftex.def Info: plant_ta.png used on input line 1266.
(pdftex.def)             Requested size: 136.59259pt x 71.13286pt.

Underfull \hbox (badness 10000) in paragraph at lines 1271--1272
[]\T1/cmr/m/n/12 Plant-
 []


Overfull \hbox (14.22638pt too wide) in paragraph at lines 1269--1275
[]|[]| 
 []


Underfull \hbox (badness 10000) in paragraph at lines 1278--1279
[]\T1/cmr/m/n/12 Macerating
 []


Underfull \hbox (badness 2591) in paragraph at lines 1279--1280
[]\T1/cmr/m/n/12 Seperating Spi-
 []

<Jelly.png, id=119, 132.495pt x 124.465pt>
File: Jelly.png Graphic file (type png)
 <use Jelly.png>
Package pdftex.def Info: Jelly.png used on input line 1299.
(pdftex.def)             Requested size: 136.58456pt x 71.1338pt.

Overfull \hbox (14.22638pt too wide) in paragraph at lines 1302--1308
[]|[]| 
 []


Underfull \hbox (badness 2334) in paragraph at lines 1311--1312
[]\T1/cmr/m/n/12 The EMA coil
 []


Overfull \hbox (27.07309pt too wide) in paragraph at lines 1077--1334
 [][] 
 []


LaTeX Warning: `!h' float specifier changed to `!ht'.

[12 <./tempreture.png>] [13 <./screw_ta.png> <./helical_rigid_tail.png> <./Plan
ar_flexible_tail.png> <./cilia-shape.png> <./tube_ta.png> <./plant_ta.png> <./J
elly.png>]
Chapter 2.
Package acronym Info: Label `acro:MBFS' newly defined as it shall be overridden

although it is yet undefined on input line 1517.
Package acronym Info: Label `acro:FBMS' newly defined as it shall be overridden

although it is yet undefined on input line 1520.
[14

] [15] <nanoscribeWorkflow.png, id=132, 684.5575pt x 418.56375pt>
File: nanoscribeWorkflow.png Graphic file (type png)

<use nanoscribeWorkflow.png>
Package pdftex.def Info: nanoscribeWorkflow.png used on input line 1527.
(pdftex.def)             Requested size: 409.7169pt x 250.52066pt.
Package acronym Info: Label `acro:stl' newly defined as it shall be overridden
although it is yet undefined on input line 1537.
Package acronym Info: Label `acro:gwl' newly defined as it shall be overridden
although it is yet undefined on input line 1539.
 [16 <./nanoscribeWorkflow.png>]
<SEM.png, id=136, 409.53pt x 583.17876pt>
File: SEM.png Graphic file (type png)
 <use SEM.png>
Package pdftex.def Info: SEM.png used on input line 1574.
(pdftex.def)             Requested size: 227.62204pt x 324.14856pt.
 [17 <./SEM.png>]
Missing character: There is no ] in font nullfont!

Overfull \hbox (30.0pt too wide) in paragraph at lines 1688--1712
$[]$ 
 []

[18] <parameters.png, id=151, 285.065pt x 178.6675pt>
File: parameters.png Graphic file (type png)
 <use parameters.png>
Package pdftex.def Info: parameters.png used on input line 1746.
(pdftex.def)             Requested size: 318.66946pt x 199.73pt.

[19] <motion.png, id=158, 276.03125pt x 129.48375pt>
File: motion.png Graphic file (type png)
 <use motion.png>
Package pdftex.def Info: motion.png used on input line 1814.
(pdftex.def)             Requested size: 227.62204pt x 106.77995pt.
 [20 <./parameters.png>] <filament.png, id=162, 225.84375pt x 158.5925pt>
File: filament.png Graphic file (type png)

<use filament.png>
Package pdftex.def Info: filament.png used on input line 1834.
(pdftex.def)             Requested size: 227.62204pt x 159.85043pt.


Package amsfonts Warning: Obsolete command \bold; \mathbf should be used instea
d on input line 1860.

[21 <./motion.png> <./filament.png>] [22]
<RFT-6dof.png, id=169, 481.8pt x 131.49126pt>
File: RFT-6dof.png Graphic file (type png)
 <use RFT-6dof.png>
Package pdftex.def Info: RFT-6dof.png used on input line 1998.
(pdftex.def)             Requested size: 455.2441pt x 124.24783pt.
 [23 <./RFT-6dof.png>] [24] [25] [26] [27]

LaTeX Warning: Reference `magnet_torque_fina' on page 28 undefined on input lin
e 2372.

[28]

LaTeX Warning: Reference `Microrobot actutation' on page 29 undefined on input 
line 2459.

[29]

LaTeX Warning: Reference `$stokes_reg$' on page 30 undefined on input line 2543
.


Overfull \hbox (18.67142pt too wide) detected at line 2557
[]  []
 []

[30] <Stoks.png, id=198, 609.27625pt x 421.575pt>
File: Stoks.png Graphic file (type png)
 <use Stoks.png>
Package pdftex.def Info: Stoks.png used on input line 2608.
(pdftex.def)             Requested size: 455.2441pt x 315.00328pt.
 [31 <./Stoks.png>] [32] [33] [34] [35]
<horiz_verti_velocity.png, id=218, 365.365pt x 208.78pt>
File: horiz_verti_velocity.png Graphic file (type png)

<use horiz_verti_velocity.png>
Package pdftex.def Info: horiz_verti_velocity.png used on input line 2989.
(pdftex.def)             Requested size: 455.2441pt x 260.1524pt.
 [36 <./horiz_verti_velocity.png>] [37] [38]
[39]
Chapter 3.

Overfull \hbox (1.9016pt too wide) in paragraph at lines 3240--3243
[] []\T1/cmr/bx/n/12 Model com-po-nents[] \T1/cmr/m/n/12 There were two main as
-pects for the sim-u-la-tion; mi-cro-he-lix propul-
 []

<simulation.png, id=231, 344.28625pt x 314.17375pt>
File: simulation.png Graphic file (type png)
 <use simulation.png>
Package pdftex.def Info: simulation.png used on input line 3258.
(pdftex.def)             Requested size: 195.75162pt x 178.63026pt.

<helix-in-box.png, id=232, 325.96782pt x 226.59656pt>
File: helix-in-box.png Graphic file (type png)
 <use helix-in-box.png>
Package pdftex.def Info: helix-in-box.png used on input line 3263.
(pdftex.def)             Requested size: 257.21402pt x 178.81567pt.

Overfull \hbox (5.55301pt too wide) in paragraph at lines 3257--3267
 [][]   [] 
 []

[40

]
File: simulation.png Graphic file (type png)
 <use simulation.png>
Package pdftex.def Info: simulation.png used on input line 3336.
(pdftex.def)             Requested size: 195.75162pt x 178.63026pt.
File: helix-in-box.png Graphic file (type png)
 <use helix-in-box.png>
Package pdftex.def Info: helix-in-box.png used on input line 3341.
(pdftex.def)             Requested size: 257.21402pt x 178.81567pt.

Overfull \hbox (5.55301pt too wide) in paragraph at lines 3335--3345
 [][]   [] 
 []

[41 <./simulation.png> <./helix-in-box.png>]
<simpleHelixSolid.png, id=243, 291.33844pt x 149.05687pt>
File: simpleHelixSolid.png Graphic file (type png)

<use simpleHelixSolid.png>
Package pdftex.def Info: simpleHelixSolid.png used on input line 3403.
(pdftex.def)             Requested size: 227.62204pt x 116.45949pt.
 <CircleBase.png, id=244, 513.92pt x 275.0275pt>
File: CircleBase.png Graphic file (type png)

<use CircleBase.png>
Package pdftex.def Info: CircleBase.png used on input line 3408.
(pdftex.def)             Requested size: 218.51521pt x 116.94179pt.
 <highLaser.png, id=245, 548.0475pt x 517.935pt>
File: highLaser.png Graphic file (type png)

<use highLaser.png>
Package pdftex.def Info: highLaser.png used on input line 3429.
(pdftex.def)             Requested size: 182.09485pt x 172.08871pt.
 <smallPitchCircle.png, id=246, 505.89pt x 320.19624pt>
File: smallPitchCircle.png Graphic file (type png)

<use smallPitchCircle.png>
Package pdftex.def Info: smallPitchCircle.png used on input line 3434.
(pdftex.def)             Requested size: 270.87079pt x 171.44742pt.

Overfull \hbox (2.94252pt too wide) in paragraph at lines 3428--3438
 [][]  [] 
 []

<sphereFabricated.png, id=247, 600.2425pt x 355.3275pt>
File: sphereFabricated.png Graphic file (type png)

<use sphereFabricated.png>
Package pdftex.def Info: sphereFabricated.png used on input line 3440.
(pdftex.def)             Requested size: 204.85844pt x 121.2706pt.
 <largePitch.png, id=248, 680.5425pt x 343.2825pt>
File: largePitch.png Graphic file (type png)

<use largePitch.png>
Package pdftex.def Info: largePitch.png used on input line 3445.
(pdftex.def)             Requested size: 241.27881pt x 121.70638pt.
 <Cursor.png, id=249, 803.0pt x 550.055pt>
File: Cursor.png Graphic file (type png)

<use Cursor.png>
Package pdftex.def Info: Cursor.png used on input line 3476.
(pdftex.def)             Requested size: 223.0721pt x 152.80573pt.

<vertical-rentanglebased.png, id=250, 499.8675pt x 332.24126pt>
File: vertical-rentanglebased.png Graphic file (type png)

<use vertical-rentanglebased.png>
Package pdftex.def Info: vertical-rentanglebased.png used on input line 3481.
(pdftex.def)             Requested size: 229.90048pt x 152.8024pt.

Overfull \hbox (2.94946pt too wide) in paragraph at lines 3475--3485
 [][]  [] 
 []

<ribbon.png, id=251, 971.63pt x 328.22626pt>
File: ribbon.png Graphic file (type png)
 <use ribbon.png>
Package pdftex.def Info: ribbon.png used on input line 3487.
(pdftex.def)             Requested size: 268.59235pt x 90.73077pt.

<threeHelix.png, id=252, 980.66376pt x 497.86pt>
File: threeHelix.png Graphic file (type png)
 <use threeHelix.png>
Package pdftex.def Info: threeHelix.png used on input line 3492.
(pdftex.def)             Requested size: 179.82335pt x 91.2898pt.

<closeRectangle.png, id=253, 661.47125pt x 586.19pt>
File: closeRectangle.png Graphic file (type png)
 <use closeRectangle.png>
Package pdftex.def Info: closeRectangle.png used on input line 3498.
(pdftex.def)             Requested size: 227.62204pt x 201.70804pt.

<collaps.png, id=254, 619.31375pt x 580.1675pt>
File: collaps.png Graphic file (type png)
 <use collaps.png>
Package pdftex.def Info: collaps.png used on input line 3503.
(pdftex.def)             Requested size: 216.24371pt x 202.57475pt.
 [42 <./simpleHelixSolid.png> <./CircleBase.png>] [43 <./highLaser.png> <./smal
lPitchCircle.png> <./sphereFabricated.png> <./largePitch.png>] [44 <./Cursor.pn
g> <./vertical-rentanglebased.png> <./ribbon.png> <./threeHelix.png> <./closeRe
ctangle.png> <./collaps.png>] <constant-pitch.png, id=266, 586.19pt x 542.025pt
>
File: constant-pitch.png Graphic file (type png)

<use constant-pitch.png>
Package pdftex.def Info: constant-pitch.png used on input line 3542.
(pdftex.def)             Requested size: 257.66554pt x 238.25188pt.
 <variable-pitch1.png, id=267, 367.3725pt x 457.71pt>
File: variable-pitch1.png Graphic file (type png)

<use variable-pitch1.png>
Package pdftex.def Info: variable-pitch1.png used on input line 3547.
(pdftex.def)             Requested size: 191.20168pt x 238.2201pt.
 [45 <./constant-pitch.png> <./variable-pitch1.png>]
Chapter 4.
[46

]
Chapter 5.

Overfull \hbox (31.30289pt too wide) in paragraph at lines 3605--3605
 |[]\T1/cmr/bx/n/24.88 Conclusion and fu-ture work| 
 []

(./MRes_Indivi_Proj.bbl [47

]
LaTeX Font Info:    Try loading font information for T1+cmtt on input line 12.

(/usr/local/texlive/2011/texmf-dist/tex/latex/base/t1cmtt.fd
File: t1cmtt.fd 1999/05/25 v2.5h Standard LaTeX font definitions
)
Underfull \hbox (badness 3386) in paragraph at lines 9--13
[]\T1/cmr/m/n/12 Harvey Mudd Col-lege.  Eigen-vec-tors and eigen-val-ues @ON-LI
NE, Novem-
 []


Underfull \hbox (badness 3579) in paragraph at lines 15--21
[]\T1/cmr/m/n/12 George Dal-las.  Prin-ci-pal com-po-nent anal-y-sis 4 dum-mies
: Eigen-vec-tors,
 []


Underfull \hbox (badness 7740) in paragraph at lines 15--21
\T1/cmr/m/n/12 eigen-val-ues and di-men-sion re-duc-tion @ON-LINE, Oc-to-ber 20
13.  URL
 []


Underfull \hbox (badness 10000) in paragraph at lines 15--21
\T1/cmtt/m/n/12 http://georgemdallas.wordpress.com/2013/10/30/principal-compone
nt
 []

[48

]
Underfull \hbox (badness 10000) in paragraph at lines 86--89
[]\T1/cmr/m/n/12 nanoscribe.  nano-scribe @ON-LINE, Febru-ary 2014.  URL
 []


Underfull \hbox (badness 10000) in paragraph at lines 178--181
[]\T1/cmr/m/n/12 Eric Weis-stein.  Eigenspace @ON-LINE, Au-gust 2014.  URL
 []

[49]) [50] (./MRes_Indivi_Proj.aux)

LaTeX Warning: There were undefined references.


LaTeX Warning: There were multiply-defined labels.

 ) 
Here is how much of TeX's memory you used:
 19919 strings out of 493633
 353098 string characters out of 3143377
 468551 words of memory out of 3000000
 22657 multiletter control sequences out of 15000+200000
 29487 words of font info for 78 fonts, out of 3000000 for 9000
 831 hyphenation exceptions out of 8191
 56i,17n,69p,934b,848s stack positions out of 5000i,500n,10000p,200000b,50000s
{/usr/local/texlive/2011/texmf-dist/fonts/enc/dvips/cm-super/cm-super-t1.enc}
</usr/local/texlive/2011/texmf-dist/fonts/type1/public/amsfonts/cm/cmbsy10.pfb>
</usr/local/texlive/2011/texmf-dist/fonts/type1/public/amsfonts/cm/cmbx12.pfb><
/usr/local/texlive/2011/texmf-dist/fonts/type1/public/amsfonts/cm/cmbx6.pfb></u
sr/local/texlive/2011/texmf-dist/fonts/type1/public/amsfonts/cm/cmbx8.pfb></usr
/local/texlive/2011/texmf-dist/fonts/type1/public/amsfonts/cm/cmex10.pfb></usr/
local/texlive/2011/texmf-dist/fonts/type1/public/amsfonts/cm/cmmi10.pfb></usr/l
ocal/texlive/2011/texmf-dist/fonts/type1/public/amsfonts/cm/cmmi12.pfb></usr/lo
cal/texlive/2011/texmf-dist/fonts/type1/public/amsfonts/cm/cmmi6.pfb></usr/loca
l/texlive/2011/texmf-dist/fonts/type1/public/amsfonts/cm/cmmi7.pfb></usr/local/
texlive/2011/texmf-dist/fonts/type1/public/amsfonts/cm/cmmi8.pfb></usr/local/te
xlive/2011/texmf-dist/fonts/type1/public/amsfonts/cm/cmmib10.pfb></usr/local/te
xlive/2011/texmf-dist/fonts/type1/public/amsfonts/cmextra/cmmib6.pfb></usr/loca
l/texlive/2011/texmf-dist/fonts/type1/public/amsfonts/cmextra/cmmib8.pfb></usr/
local/texlive/2011/texmf-dist/fonts/type1/public/amsfonts/cm/cmr10.pfb></usr/lo
cal/texlive/2011/texmf-dist/fonts/type1/public/amsfonts/cm/cmr12.pfb></usr/loca
l/texlive/2011/texmf-dist/fonts/type1/public/amsfonts/cm/cmr6.pfb></usr/local/t
exlive/2011/texmf-dist/fonts/type1/public/amsfonts/cm/cmr7.pfb></usr/local/texl
ive/2011/texmf-dist/fonts/type1/public/amsfonts/cm/cmr8.pfb></usr/local/texlive
/2011/texmf-dist/fonts/type1/public/amsfonts/cm/cmsy10.pfb></usr/local/texlive/
2011/texmf-dist/fonts/type1/public/amsfonts/cm/cmsy6.pfb></usr/local/texlive/20
11/texmf-dist/fonts/type1/public/amsfonts/cm/cmsy7.pfb></usr/local/texlive/2011
/texmf-dist/fonts/type1/public/amsfonts/cm/cmsy8.pfb></usr/local/texlive/2011/t
exmf-dist/fonts/type1/public/cm-super/sfbx1200.pfb></usr/local/texlive/2011/tex
mf-dist/fonts/type1/public/cm-super/sfbx1440.pfb></usr/local/texlive/2011/texmf
-dist/fonts/type1/public/cm-super/sfbx1728.pfb></usr/local/texlive/2011/texmf-d
ist/fonts/type1/public/cm-super/sfbx2074.pfb></usr/local/texlive/2011/texmf-dis
t/fonts/type1/public/cm-super/sfbx2488.pfb></usr/local/texlive/2011/texmf-dist/
fonts/type1/public/cm-super/sfrm0700.pfb></usr/local/texlive/2011/texmf-dist/fo
nts/type1/public/cm-super/sfrm0800.pfb></usr/local/texlive/2011/texmf-dist/font
s/type1/public/cm-super/sfrm1000.pfb></usr/local/texlive/2011/texmf-dist/fonts/
type1/public/cm-super/sfrm1095.pfb></usr/local/texlive/2011/texmf-dist/fonts/ty
pe1/public/cm-super/sfrm1200.pfb></usr/local/texlive/2011/texmf-dist/fonts/type
1/public/cm-super/sfsl1200.pfb></usr/local/texlive/2011/texmf-dist/fonts/type1/
public/cm-super/sfti1200.pfb></usr/local/texlive/2011/texmf-dist/fonts/type1/pu
blic/cm-super/sfti1728.pfb></usr/local/texlive/2011/texmf-dist/fonts/type1/publ
ic/cm-super/sftt1200.pfb>
Output written on MRes_Indivi_Proj.pdf (58 pages, 5105519 bytes).
PDF statistics:
 404 PDF objects out of 1000 (max. 8388607)
 243 compressed objects within 3 object streams
 0 named destinations out of 1000 (max. 500000)
 331 words of extra memory for PDF output out of 10000 (max. 10000000)

